{"C:\\Users\\Acer\\OneDrive - Softwarica College\\Desktop\\UNIGUIDE\\backend\\src\\config\\index.ts": {"path":"C:\\Users\\Acer\\OneDrive - Softwarica College\\Desktop\\UNIGUIDE\\backend\\src\\config\\index.ts","statementMap":{"0":{"start":{"line":1,"column":0},"end":{"line":1,"column":28}},"1":{"start":{"line":3,"column":0},"end":{"line":3,"column":16}},"2":{"start":{"line":5,"column":18},"end":{"line":8,"column":1}},"3":{"start":{"line":6,"column":17},"end":{"line":6,"column":62}},"4":{"start":{"line":7,"column":2},"end":{"line":7,"column":53}},"5":{"start":{"line":10,"column":21},"end":{"line":25,"column":1}},"6":{"start":{"line":11,"column":19},"end":{"line":16,"column":4}},"7":{"start":{"line":18,"column":2},"end":{"line":18,"column":30}},"8":{"start":{"line":18,"column":14},"end":{"line":18,"column":30}},"9":{"start":{"line":20,"column":2},"end":{"line":24,"column":22}},"10":{"start":{"line":22,"column":19},"end":{"line":22,"column":30}},"11":{"start":{"line":27,"column":13},"end":{"line":27,"column":62}},"12":{"start":{"line":28,"column":13},"end":{"line":28,"column":55}},"13":{"start":{"line":29,"column":13},"end":{"line":29,"column":50}},"14":{"start":{"line":30,"column":13},"end":{"line":30,"column":54}},"15":{"start":{"line":31,"column":13},"end":{"line":31,"column":99}},"16":{"start":{"line":32,"column":13},"end":{"line":32,"column":111}},"17":{"start":{"line":33,"column":13},"end":{"line":33,"column":73}},"18":{"start":{"line":34,"column":13},"end":{"line":34,"column":96}},"19":{"start":{"line":35,"column":13},"end":{"line":35,"column":73}},"20":{"start":{"line":36,"column":13},"end":{"line":36,"column":43}},"21":{"start":{"line":37,"column":13},"end":{"line":37,"column":80}},"22":{"start":{"line":38,"column":13},"end":{"line":38,"column":53}},"23":{"start":{"line":39,"column":13},"end":{"line":39,"column":63}},"24":{"start":{"line":40,"column":13},"end":{"line":40,"column":62}},"25":{"start":{"line":41,"column":13},"end":{"line":41,"column":53}},"26":{"start":{"line":42,"column":13},"end":{"line":42,"column":53}},"27":{"start":{"line":43,"column":13},"end":{"line":43,"column":60}},"28":{"start":{"line":45,"column":0},"end":{"line":47,"column":1}},"29":{"start":{"line":46,"column":2},"end":{"line":46,"column":85}}},"fnMap":{"0":{"name":"(anonymous_1)","decl":{"start":{"line":5,"column":18},"end":{"line":5,"column":19}},"loc":{"start":{"line":5,"column":66},"end":{"line":8,"column":1}}},"1":{"name":"(anonymous_2)","decl":{"start":{"line":10,"column":21},"end":{"line":10,"column":22}},"loc":{"start":{"line":10,"column":51},"end":{"line":25,"column":1}}},"2":{"name":"(anonymous_3)","decl":{"start":{"line":22,"column":9},"end":{"line":22,"column":10}},"loc":{"start":{"line":22,"column":19},"end":{"line":22,"column":30}}}},"branchMap":{"0":{"loc":{"start":{"line":6,"column":17},"end":{"line":6,"column":62}},"type":"cond-expr","locations":[{"start":{"line":6,"column":25},"end":{"line":6,"column":51}},{"start":{"line":6,"column":54},"end":{"line":6,"column":62}}]},"1":{"loc":{"start":{"line":7,"column":9},"end":{"line":7,"column":52}},"type":"cond-expr","locations":[{"start":{"line":7,"column":35},"end":{"line":7,"column":41}},{"start":{"line":7,"column":44},"end":{"line":7,"column":52}}]},"2":{"loc":{"start":{"line":18,"column":2},"end":{"line":18,"column":30}},"type":"if","locations":[{"start":{"line":18,"column":2},"end":{"line":18,"column":30}}]},"3":{"loc":{"start":{"line":27,"column":24},"end":{"line":27,"column":61}},"type":"binary-expr","locations":[{"start":{"line":27,"column":24},"end":{"line":27,"column":44}},{"start":{"line":27,"column":48},"end":{"line":27,"column":61}}]},"4":{"loc":{"start":{"line":29,"column":20},"end":{"line":29,"column":49}},"type":"binary-expr","locations":[{"start":{"line":29,"column":20},"end":{"line":29,"column":36}},{"start":{"line":29,"column":40},"end":{"line":29,"column":49}}]},"5":{"loc":{"start":{"line":31,"column":27},"end":{"line":31,"column":98}},"type":"binary-expr","locations":[{"start":{"line":31,"column":27},"end":{"line":31,"column":50}},{"start":{"line":31,"column":54},"end":{"line":31,"column":98}}]},"6":{"loc":{"start":{"line":32,"column":26},"end":{"line":32,"column":110}},"type":"binary-expr","locations":[{"start":{"line":32,"column":26},"end":{"line":32,"column":48}},{"start":{"line":32,"column":53},"end":{"line":32,"column":109}}]},"7":{"loc":{"start":{"line":32,"column":53},"end":{"line":32,"column":109}},"type":"cond-expr","locations":[{"start":{"line":32,"column":69},"end":{"line":32,"column":71}},{"start":{"line":32,"column":74},"end":{"line":32,"column":109}}]},"8":{"loc":{"start":{"line":37,"column":28},"end":{"line":37,"column":79}},"type":"binary-expr","locations":[{"start":{"line":37,"column":28},"end":{"line":37,"column":52}},{"start":{"line":37,"column":56},"end":{"line":37,"column":79}}]},"9":{"loc":{"start":{"line":38,"column":25},"end":{"line":38,"column":52}},"type":"binary-expr","locations":[{"start":{"line":38,"column":25},"end":{"line":38,"column":46}},{"start":{"line":38,"column":50},"end":{"line":38,"column":52}}]},"10":{"loc":{"start":{"line":41,"column":25},"end":{"line":41,"column":52}},"type":"binary-expr","locations":[{"start":{"line":41,"column":25},"end":{"line":41,"column":46}},{"start":{"line":41,"column":50},"end":{"line":41,"column":52}}]},"11":{"loc":{"start":{"line":42,"column":25},"end":{"line":42,"column":52}},"type":"binary-expr","locations":[{"start":{"line":42,"column":25},"end":{"line":42,"column":46}},{"start":{"line":42,"column":50},"end":{"line":42,"column":52}}]},"12":{"loc":{"start":{"line":43,"column":25},"end":{"line":43,"column":59}},"type":"binary-expr","locations":[{"start":{"line":43,"column":25},"end":{"line":43,"column":46}},{"start":{"line":43,"column":50},"end":{"line":43,"column":59}}]},"13":{"loc":{"start":{"line":45,"column":0},"end":{"line":47,"column":1}},"type":"if","locations":[{"start":{"line":45,"column":0},"end":{"line":47,"column":1}}]},"14":{"loc":{"start":{"line":45,"column":4},"end":{"line":45,"column":60}},"type":"binary-expr","locations":[{"start":{"line":45,"column":4},"end":{"line":45,"column":17}},{"start":{"line":45,"column":22},"end":{"line":45,"column":33}},{"start":{"line":45,"column":37},"end":{"line":45,"column":59}}]}},"s":{"0":35,"1":35,"2":35,"3":140,"4":140,"5":35,"6":35,"7":35,"8":0,"9":35,"10":136,"11":35,"12":35,"13":35,"14":35,"15":35,"16":35,"17":35,"18":35,"19":35,"20":35,"21":35,"22":35,"23":35,"24":35,"25":35,"26":35,"27":35,"28":35,"29":1},"f":{"0":140,"1":35,"2":136},"b":{"0":[140,0],"1":[140,0],"2":[0],"3":[35,0],"4":[35,0],"5":[35,0],"6":[35,0],"7":[0,0],"8":[35,0],"9":[35,2],"10":[35,2],"11":[35,2],"12":[35,2],"13":[1],"14":[35,2,2]}}
,"C:\\Users\\Acer\\OneDrive - Softwarica College\\Desktop\\UNIGUIDE\\backend\\src\\database\\mongodb.ts": {"path":"C:\\Users\\Acer\\OneDrive - Softwarica College\\Desktop\\UNIGUIDE\\backend\\src\\database\\mongodb.ts","statementMap":{"0":{"start":{"line":28,"column":0},"end":{"line":28,"column":7}},"1":{"start":{"line":40,"column":0},"end":{"line":40,"column":7}},"2":{"start":{"line":1,"column":0},"end":{"line":1,"column":32}},"3":{"start":{"line":2,"column":0},"end":{"line":2,"column":40}},"4":{"start":{"line":5,"column":4},"end":{"line":25,"column":5}},"5":{"start":{"line":6,"column":32},"end":{"line":6,"column":71}},"6":{"start":{"line":7,"column":24},"end":{"line":7,"column":55}},"7":{"start":{"line":9,"column":8},"end":{"line":22,"column":9}},"8":{"start":{"line":10,"column":25},"end":{"line":10,"column":42}},"9":{"start":{"line":11,"column":25},"end":{"line":11,"column":41}},"10":{"start":{"line":12,"column":29},"end":{"line":12,"column":78}},"11":{"start":{"line":12,"column":60},"end":{"line":12,"column":77}},"12":{"start":{"line":13,"column":37},"end":{"line":13,"column":102}},"13":{"start":{"line":14,"column":36},"end":{"line":14,"column":99}},"14":{"start":{"line":15,"column":29},"end":{"line":15,"column":51}},"15":{"start":{"line":18,"column":12},"end":{"line":21,"column":13}},"16":{"start":{"line":19,"column":16},"end":{"line":19,"column":54}},"17":{"start":{"line":20,"column":16},"end":{"line":20,"column":66}},"18":{"start":{"line":24,"column":8},"end":{"line":24,"column":59}},"19":{"start":{"line":29,"column":4},"end":{"line":36,"column":5}},"20":{"start":{"line":30,"column":8},"end":{"line":30,"column":44}},"21":{"start":{"line":31,"column":8},"end":{"line":31,"column":41}},"22":{"start":{"line":32,"column":8},"end":{"line":32,"column":55}},"23":{"start":{"line":34,"column":8},"end":{"line":34,"column":45}},"24":{"start":{"line":35,"column":8},"end":{"line":35,"column":24}},"25":{"start":{"line":41,"column":4},"end":{"line":48,"column":5}},"26":{"start":{"line":42,"column":8},"end":{"line":42,"column":54}},"27":{"start":{"line":43,"column":8},"end":{"line":43,"column":41}},"28":{"start":{"line":44,"column":8},"end":{"line":44,"column":44}},"29":{"start":{"line":46,"column":8},"end":{"line":46,"column":48}},"30":{"start":{"line":47,"column":8},"end":{"line":47,"column":24}}},"fnMap":{"0":{"name":"cleanupLegacyUserIndexes","decl":{"start":{"line":4,"column":15},"end":{"line":4,"column":39}},"loc":{"start":{"line":4,"column":39},"end":{"line":26,"column":1}}},"1":{"name":"(anonymous_2)","decl":{"start":{"line":12,"column":51},"end":{"line":12,"column":52}},"loc":{"start":{"line":12,"column":60},"end":{"line":12,"column":77}}},"2":{"name":"connectDatabase","decl":{"start":{"line":28,"column":22},"end":{"line":28,"column":37}},"loc":{"start":{"line":28,"column":37},"end":{"line":37,"column":1}}},"3":{"name":"connectDatabaseTest","decl":{"start":{"line":40,"column":22},"end":{"line":40,"column":41}},"loc":{"start":{"line":40,"column":41},"end":{"line":49,"column":1}}}},"branchMap":{"0":{"loc":{"start":{"line":10,"column":25},"end":{"line":10,"column":42}},"type":"binary-expr","locations":[{"start":{"line":10,"column":25},"end":{"line":10,"column":36}},{"start":{"line":10,"column":40},"end":{"line":10,"column":42}}]},"1":{"loc":{"start":{"line":11,"column":25},"end":{"line":11,"column":41}},"type":"binary-expr","locations":[{"start":{"line":11,"column":25},"end":{"line":11,"column":35}},{"start":{"line":11,"column":39},"end":{"line":11,"column":41}}]},"2":{"loc":{"start":{"line":13,"column":37},"end":{"line":13,"column":102}},"type":"binary-expr","locations":[{"start":{"line":13,"column":37},"end":{"line":13,"column":67}},{"start":{"line":13,"column":71},"end":{"line":13,"column":102}}]},"3":{"loc":{"start":{"line":14,"column":36},"end":{"line":14,"column":99}},"type":"binary-expr","locations":[{"start":{"line":14,"column":36},"end":{"line":14,"column":65}},{"start":{"line":14,"column":69},"end":{"line":14,"column":99}}]},"4":{"loc":{"start":{"line":18,"column":12},"end":{"line":21,"column":13}},"type":"if","locations":[{"start":{"line":18,"column":12},"end":{"line":21,"column":13}}]},"5":{"loc":{"start":{"line":18,"column":16},"end":{"line":18,"column":84}},"type":"binary-expr","locations":[{"start":{"line":18,"column":16},"end":{"line":18,"column":24}},{"start":{"line":18,"column":29},"end":{"line":18,"column":45}},{"start":{"line":18,"column":49},"end":{"line":18,"column":64}},{"start":{"line":18,"column":69},"end":{"line":18,"column":84}}]}},"s":{"0":23,"1":23,"2":23,"3":23,"4":23,"5":23,"6":23,"7":23,"8":46,"9":46,"10":46,"11":46,"12":46,"13":46,"14":46,"15":46,"16":0,"17":0,"18":0,"19":23,"20":23,"21":23,"22":23,"23":0,"24":0,"25":0,"26":0,"27":0,"28":0,"29":0,"30":0},"f":{"0":23,"1":46,"2":23,"3":0},"b":{"0":[46,0],"1":[46,0],"2":[46,46],"3":[46,46],"4":[0],"5":[46,23,23,0]}}
,"C:\\Users\\Acer\\OneDrive - Softwarica College\\Desktop\\UNIGUIDE\\backend\\src\\dtos\\user.dto.ts": {"path":"C:\\Users\\Acer\\OneDrive - Softwarica College\\Desktop\\UNIGUIDE\\backend\\src\\dtos\\user.dto.ts","statementMap":{"0":{"start":{"line":1,"column":0},"end":{"line":1,"column":24}},"1":{"start":{"line":3,"column":27},"end":{"line":16,"column":2}},"2":{"start":{"line":8,"column":23},"end":{"line":8,"column":63}},"3":{"start":{"line":11,"column":23},"end":{"line":11,"column":48}},"4":{"start":{"line":19,"column":13},"end":{"line":27,"column":5}},"5":{"start":{"line":20,"column":20},"end":{"line":20,"column":42}},"6":{"start":{"line":24,"column":20},"end":{"line":24,"column":83}},"7":{"start":{"line":32,"column":13},"end":{"line":38,"column":3}},"8":{"start":{"line":35,"column":23},"end":{"line":35,"column":63}}},"fnMap":{"0":{"name":"(anonymous_0)","decl":{"start":{"line":8,"column":12},"end":{"line":8,"column":13}},"loc":{"start":{"line":8,"column":23},"end":{"line":8,"column":63}}},"1":{"name":"(anonymous_1)","decl":{"start":{"line":11,"column":12},"end":{"line":11,"column":13}},"loc":{"start":{"line":11,"column":23},"end":{"line":11,"column":48}}},"2":{"name":"(anonymous_2)","decl":{"start":{"line":20,"column":10},"end":{"line":20,"column":11}},"loc":{"start":{"line":20,"column":20},"end":{"line":20,"column":42}}},"3":{"name":"(anonymous_3)","decl":{"start":{"line":24,"column":10},"end":{"line":24,"column":11}},"loc":{"start":{"line":24,"column":20},"end":{"line":24,"column":83}}},"4":{"name":"(anonymous_4)","decl":{"start":{"line":35,"column":12},"end":{"line":35,"column":13}},"loc":{"start":{"line":35,"column":23},"end":{"line":35,"column":63}}}},"branchMap":{"0":{"loc":{"start":{"line":24,"column":20},"end":{"line":24,"column":83}},"type":"binary-expr","locations":[{"start":{"line":24,"column":20},"end":{"line":24,"column":41}},{"start":{"line":24,"column":45},"end":{"line":24,"column":83}}]}},"s":{"0":9,"1":9,"2":3,"3":1,"4":9,"5":3,"6":3,"7":9,"8":3},"f":{"0":3,"1":1,"2":3,"3":3,"4":3},"b":{"0":[3,2]}}
,"C:\\Users\\Acer\\OneDrive - Softwarica College\\Desktop\\UNIGUIDE\\backend\\src\\error\\http-error.ts": {"path":"C:\\Users\\Acer\\OneDrive - Softwarica College\\Desktop\\UNIGUIDE\\backend\\src\\error\\http-error.ts","statementMap":{"0":{"start":{"line":7,"column":4},"end":{"line":7,"column":19}},"1":{"start":{"line":8,"column":4},"end":{"line":8,"column":33}},"2":{"start":{"line":11,"column":4},"end":{"line":11,"column":53}},"3":{"start":{"line":3,"column":0},"end":{"line":3,"column":13}}},"fnMap":{"0":{"name":"(anonymous_0)","decl":{"start":{"line":6,"column":2},"end":{"line":6,"column":14}},"loc":{"start":{"line":6,"column":55},"end":{"line":12,"column":3}}}},"branchMap":{"0":{"loc":{"start":{"line":6,"column":31},"end":{"line":6,"column":55}},"type":"default-arg","locations":[{"start":{"line":6,"column":52},"end":{"line":6,"column":55}}]}},"s":{"0":1,"1":1,"2":1,"3":11},"f":{"0":1},"b":{"0":[0]}}
,"C:\\Users\\Acer\\OneDrive - Softwarica College\\Desktop\\UNIGUIDE\\backend\\src\\middlewares\\auth.middleware.ts": {"path":"C:\\Users\\Acer\\OneDrive - Softwarica College\\Desktop\\UNIGUIDE\\backend\\src\\middlewares\\auth.middleware.ts","statementMap":{"0":{"start":{"line":2,"column":0},"end":{"line":2,"column":31}},"1":{"start":{"line":3,"column":0},"end":{"line":3,"column":39}},"2":{"start":{"line":6,"column":30},"end":{"line":28,"column":1}},"3":{"start":{"line":7,"column":21},"end":{"line":7,"column":46}},"4":{"start":{"line":8,"column":26},"end":{"line":8,"column":93}},"5":{"start":{"line":9,"column":23},"end":{"line":9,"column":47}},"6":{"start":{"line":11,"column":4},"end":{"line":15,"column":29}},"7":{"start":{"line":13,"column":21},"end":{"line":13,"column":32}},"8":{"start":{"line":14,"column":22},"end":{"line":14,"column":52}},"9":{"start":{"line":16,"column":16},"end":{"line":16,"column":50}},"10":{"start":{"line":17,"column":2},"end":{"line":19,"column":3}},"11":{"start":{"line":18,"column":4},"end":{"line":18,"column":82}},"12":{"start":{"line":21,"column":2},"end":{"line":27,"column":3}},"13":{"start":{"line":22,"column":20},"end":{"line":22,"column":92}},"14":{"start":{"line":23,"column":4},"end":{"line":23,"column":54}},"15":{"start":{"line":24,"column":4},"end":{"line":24,"column":11}},"16":{"start":{"line":26,"column":4},"end":{"line":26,"column":71}},"17":{"start":{"line":6,"column":13},"end":{"line":6,"column":30}}},"fnMap":{"0":{"name":"(anonymous_1)","decl":{"start":{"line":6,"column":30},"end":{"line":6,"column":31}},"loc":{"start":{"line":6,"column":86},"end":{"line":28,"column":1}}},"1":{"name":"(anonymous_2)","decl":{"start":{"line":13,"column":11},"end":{"line":13,"column":12}},"loc":{"start":{"line":13,"column":21},"end":{"line":13,"column":32}}},"2":{"name":"(anonymous_3)","decl":{"start":{"line":14,"column":12},"end":{"line":14,"column":13}},"loc":{"start":{"line":14,"column":22},"end":{"line":14,"column":52}}}},"branchMap":{"0":{"loc":{"start":{"line":8,"column":26},"end":{"line":8,"column":93}},"type":"cond-expr","locations":[{"start":{"line":8,"column":62},"end":{"line":8,"column":86}},{"start":{"line":8,"column":89},"end":{"line":8,"column":93}}]},"1":{"loc":{"start":{"line":9,"column":23},"end":{"line":9,"column":47}},"type":"binary-expr","locations":[{"start":{"line":9,"column":23},"end":{"line":9,"column":41}},{"start":{"line":9,"column":45},"end":{"line":9,"column":47}}]},"2":{"loc":{"start":{"line":11,"column":4},"end":{"line":15,"column":29}},"type":"binary-expr","locations":[{"start":{"line":11,"column":4},"end":{"line":15,"column":21}},{"start":{"line":15,"column":25},"end":{"line":15,"column":29}}]},"3":{"loc":{"start":{"line":16,"column":16},"end":{"line":16,"column":50}},"type":"binary-expr","locations":[{"start":{"line":16,"column":16},"end":{"line":16,"column":31}},{"start":{"line":16,"column":35},"end":{"line":16,"column":50}}]},"4":{"loc":{"start":{"line":17,"column":2},"end":{"line":19,"column":3}},"type":"if","locations":[{"start":{"line":17,"column":2},"end":{"line":19,"column":3}}]}},"s":{"0":5,"1":5,"2":5,"3":5,"4":5,"5":5,"6":5,"7":6,"8":5,"9":5,"10":5,"11":1,"12":4,"13":4,"14":3,"15":3,"16":1,"17":5},"f":{"0":5,"1":6,"2":5},"b":{"0":[3,2],"1":[5,3],"2":[5,3],"3":[5,2],"4":[1]}}
,"C:\\Users\\Acer\\OneDrive - Softwarica College\\Desktop\\UNIGUIDE\\backend\\src\\middlewares\\error.middleware.ts": {"path":"C:\\Users\\Acer\\OneDrive - Softwarica College\\Desktop\\UNIGUIDE\\backend\\src\\middlewares\\error.middleware.ts","statementMap":{"0":{"start":{"line":3,"column":0},"end":{"line":3,"column":48}},"1":{"start":{"line":5,"column":31},"end":{"line":24,"column":1}},"2":{"start":{"line":6,"column":2},"end":{"line":6,"column":21}},"3":{"start":{"line":8,"column":2},"end":{"line":10,"column":3}},"4":{"start":{"line":9,"column":4},"end":{"line":9,"column":85}},"5":{"start":{"line":13,"column":2},"end":{"line":15,"column":3}},"6":{"start":{"line":14,"column":4},"end":{"line":14,"column":74}},"7":{"start":{"line":18,"column":2},"end":{"line":20,"column":3}},"8":{"start":{"line":19,"column":4},"end":{"line":19,"column":74}},"9":{"start":{"line":23,"column":2},"end":{"line":23,"column":92}},"10":{"start":{"line":5,"column":13},"end":{"line":5,"column":31}}},"fnMap":{"0":{"name":"(anonymous_0)","decl":{"start":{"line":5,"column":31},"end":{"line":5,"column":32}},"loc":{"start":{"line":5,"column":95},"end":{"line":24,"column":1}}}},"branchMap":{"0":{"loc":{"start":{"line":8,"column":2},"end":{"line":10,"column":3}},"type":"if","locations":[{"start":{"line":8,"column":2},"end":{"line":10,"column":3}}]},"1":{"loc":{"start":{"line":13,"column":2},"end":{"line":15,"column":3}},"type":"if","locations":[{"start":{"line":13,"column":2},"end":{"line":15,"column":3}}]},"2":{"loc":{"start":{"line":18,"column":2},"end":{"line":20,"column":3}},"type":"if","locations":[{"start":{"line":18,"column":2},"end":{"line":20,"column":3}}]},"3":{"loc":{"start":{"line":18,"column":6},"end":{"line":18,"column":94}},"type":"binary-expr","locations":[{"start":{"line":18,"column":6},"end":{"line":18,"column":38}},{"start":{"line":18,"column":42},"end":{"line":18,"column":94}}]},"4":{"loc":{"start":{"line":23,"column":50},"end":{"line":23,"column":88}},"type":"binary-expr","locations":[{"start":{"line":23,"column":50},"end":{"line":23,"column":61}},{"start":{"line":23,"column":65},"end":{"line":23,"column":88}}]}},"s":{"0":11,"1":11,"2":3,"3":3,"4":1,"5":2,"6":1,"7":1,"8":0,"9":1,"10":11},"f":{"0":3},"b":{"0":[1],"1":[1],"2":[0],"3":[1,1],"4":[1,0]}}
,"C:\\Users\\Acer\\OneDrive - Softwarica College\\Desktop\\UNIGUIDE\\backend\\src\\middlewares\\security.middleware.ts": {"path":"C:\\Users\\Acer\\OneDrive - Softwarica College\\Desktop\\UNIGUIDE\\backend\\src\\middlewares\\security.middleware.ts","statementMap":{"0":{"start":{"line":2,"column":0},"end":{"line":2,"column":65}},"1":{"start":{"line":9,"column":16},"end":{"line":9,"column":40}},"2":{"start":{"line":11,"column":12},"end":{"line":11,"column":28}},"3":{"start":{"line":11,"column":18},"end":{"line":11,"column":28}},"4":{"start":{"line":13,"column":14},"end":{"line":13,"column":79}},"5":{"start":{"line":13,"column":32},"end":{"line":13,"column":79}},"6":{"start":{"line":15,"column":24},"end":{"line":15,"column":70}},"7":{"start":{"line":15,"column":42},"end":{"line":15,"column":70}},"8":{"start":{"line":17,"column":41},"end":{"line":23,"column":1}},"9":{"start":{"line":18,"column":2},"end":{"line":18,"column":53}},"10":{"start":{"line":19,"column":2},"end":{"line":19,"column":43}},"11":{"start":{"line":20,"column":2},"end":{"line":20,"column":70}},"12":{"start":{"line":21,"column":2},"end":{"line":21,"column":53}},"13":{"start":{"line":22,"column":2},"end":{"line":22,"column":9}},"14":{"start":{"line":17,"column":13},"end":{"line":17,"column":41}},"15":{"start":{"line":25,"column":35},"end":{"line":52,"column":1}},"16":{"start":{"line":26,"column":2},"end":{"line":28,"column":3}},"17":{"start":{"line":27,"column":4},"end":{"line":27,"column":18}},"18":{"start":{"line":30,"column":13},"end":{"line":30,"column":23}},"19":{"start":{"line":31,"column":18},"end":{"line":31,"column":33}},"20":{"start":{"line":32,"column":13},"end":{"line":32,"column":18}},"21":{"start":{"line":34,"column":2},"end":{"line":37,"column":3}},"22":{"start":{"line":35,"column":4},"end":{"line":35,"column":70}},"23":{"start":{"line":36,"column":4},"end":{"line":36,"column":18}},"24":{"start":{"line":39,"column":2},"end":{"line":39,"column":21}},"25":{"start":{"line":40,"column":2},"end":{"line":40,"column":27}},"26":{"start":{"line":42,"column":2},"end":{"line":49,"column":3}},"27":{"start":{"line":43,"column":23},"end":{"line":43,"column":76}},"28":{"start":{"line":44,"column":4},"end":{"line":44,"column":53}},"29":{"start":{"line":45,"column":4},"end":{"line":48,"column":7}},"30":{"start":{"line":51,"column":2},"end":{"line":51,"column":16}},"31":{"start":{"line":25,"column":13},"end":{"line":25,"column":35}}},"fnMap":{"0":{"name":"(anonymous_0)","decl":{"start":{"line":11,"column":12},"end":{"line":11,"column":15}},"loc":{"start":{"line":11,"column":18},"end":{"line":11,"column":28}}},"1":{"name":"(anonymous_1)","decl":{"start":{"line":13,"column":14},"end":{"line":13,"column":15}},"loc":{"start":{"line":13,"column":32},"end":{"line":13,"column":79}}},"2":{"name":"(anonymous_2)","decl":{"start":{"line":15,"column":24},"end":{"line":15,"column":25}},"loc":{"start":{"line":15,"column":42},"end":{"line":15,"column":70}}},"3":{"name":"(anonymous_3)","decl":{"start":{"line":17,"column":41},"end":{"line":17,"column":42}},"loc":{"start":{"line":17,"column":94},"end":{"line":23,"column":1}}},"4":{"name":"(anonymous_4)","decl":{"start":{"line":25,"column":35},"end":{"line":25,"column":36}},"loc":{"start":{"line":25,"column":87},"end":{"line":52,"column":1}}}},"branchMap":{"0":{"loc":{"start":{"line":13,"column":32},"end":{"line":13,"column":79}},"type":"binary-expr","locations":[{"start":{"line":13,"column":32},"end":{"line":13,"column":38}},{"start":{"line":13,"column":42},"end":{"line":13,"column":66}},{"start":{"line":13,"column":70},"end":{"line":13,"column":79}}]},"1":{"loc":{"start":{"line":26,"column":2},"end":{"line":28,"column":3}},"type":"if","locations":[{"start":{"line":26,"column":2},"end":{"line":28,"column":3}}]},"2":{"loc":{"start":{"line":34,"column":2},"end":{"line":37,"column":3}},"type":"if","locations":[{"start":{"line":34,"column":2},"end":{"line":37,"column":3}}]},"3":{"loc":{"start":{"line":34,"column":6},"end":{"line":34,"column":38}},"type":"binary-expr","locations":[{"start":{"line":34,"column":6},"end":{"line":34,"column":14}},{"start":{"line":34,"column":18},"end":{"line":34,"column":38}}]},"4":{"loc":{"start":{"line":42,"column":2},"end":{"line":49,"column":3}},"type":"if","locations":[{"start":{"line":42,"column":2},"end":{"line":49,"column":3}}]}},"s":{"0":15,"1":15,"2":15,"3":274,"4":15,"5":274,"6":15,"7":316,"8":15,"9":53,"10":53,"11":53,"12":53,"13":53,"14":15,"15":15,"16":316,"17":42,"18":274,"19":274,"20":274,"21":274,"22":6,"23":6,"24":268,"25":268,"26":268,"27":10,"28":10,"29":10,"30":258,"31":15},"f":{"0":274,"1":274,"2":316,"3":53,"4":316},"b":{"0":[274,0,0],"1":[42],"2":[6],"3":[274,268],"4":[10]}}
,"C:\\Users\\Acer\\OneDrive - Softwarica College\\Desktop\\UNIGUIDE\\backend\\src\\middlewares\\upload.middleware.ts": {"path":"C:\\Users\\Acer\\OneDrive - Softwarica College\\Desktop\\UNIGUIDE\\backend\\src\\middlewares\\upload.middleware.ts","statementMap":{"0":{"start":{"line":2,"column":0},"end":{"line":2,"column":52}},"1":{"start":{"line":4,"column":0},"end":{"line":4,"column":20}},"2":{"start":{"line":5,"column":0},"end":{"line":5,"column":24}},"3":{"start":{"line":7,"column":18},"end":{"line":7,"column":56}},"4":{"start":{"line":10,"column":16},"end":{"line":20,"column":2}},"5":{"start":{"line":12,"column":4},"end":{"line":12,"column":49}},"6":{"start":{"line":13,"column":4},"end":{"line":13,"column":24}},"7":{"start":{"line":16,"column":16},"end":{"line":16,"column":47}},"8":{"start":{"line":17,"column":17},"end":{"line":17,"column":56}},"9":{"start":{"line":18,"column":4},"end":{"line":18,"column":19}},"10":{"start":{"line":23,"column":19},"end":{"line":43,"column":1}},"11":{"start":{"line":24,"column":23},"end":{"line":24,"column":61}},"12":{"start":{"line":27,"column":2},"end":{"line":30,"column":3}},"13":{"start":{"line":28,"column":4},"end":{"line":28,"column":20}},"14":{"start":{"line":29,"column":4},"end":{"line":29,"column":11}},"15":{"start":{"line":32,"column":14},"end":{"line":32,"column":65}},"16":{"start":{"line":33,"column":21},"end":{"line":33,"column":124}},"17":{"start":{"line":34,"column":22},"end":{"line":34,"column":93}},"18":{"start":{"line":35,"column":21},"end":{"line":35,"column":40}},"19":{"start":{"line":37,"column":2},"end":{"line":42,"column":3}},"20":{"start":{"line":38,"column":4},"end":{"line":38,"column":19}},"21":{"start":{"line":41,"column":4},"end":{"line":41,"column":20}},"22":{"start":{"line":45,"column":13},"end":{"line":45,"column":54}}},"fnMap":{"0":{"name":"(anonymous_1)","decl":{"start":{"line":11,"column":15},"end":{"line":11,"column":25}},"loc":{"start":{"line":11,"column":40},"end":{"line":14,"column":3}}},"1":{"name":"(anonymous_2)","decl":{"start":{"line":15,"column":12},"end":{"line":15,"column":22}},"loc":{"start":{"line":15,"column":36},"end":{"line":19,"column":3}}},"2":{"name":"(anonymous_3)","decl":{"start":{"line":23,"column":19},"end":{"line":23,"column":20}},"loc":{"start":{"line":23,"column":88},"end":{"line":43,"column":1}}}},"branchMap":{"0":{"loc":{"start":{"line":24,"column":30},"end":{"line":24,"column":53}},"type":"binary-expr","locations":[{"start":{"line":24,"column":30},"end":{"line":24,"column":47}},{"start":{"line":24,"column":51},"end":{"line":24,"column":53}}]},"1":{"loc":{"start":{"line":27,"column":2},"end":{"line":30,"column":3}},"type":"if","locations":[{"start":{"line":27,"column":2},"end":{"line":30,"column":3}}]},"2":{"loc":{"start":{"line":27,"column":6},"end":{"line":27,"column":38}},"type":"binary-expr","locations":[{"start":{"line":27,"column":6},"end":{"line":27,"column":19}},{"start":{"line":27,"column":23},"end":{"line":27,"column":38}}]},"3":{"loc":{"start":{"line":32,"column":27},"end":{"line":32,"column":50}},"type":"binary-expr","locations":[{"start":{"line":32,"column":27},"end":{"line":32,"column":44}},{"start":{"line":32,"column":48},"end":{"line":32,"column":50}}]},"4":{"loc":{"start":{"line":34,"column":22},"end":{"line":34,"column":93}},"type":"binary-expr","locations":[{"start":{"line":34,"column":22},"end":{"line":34,"column":55}},{"start":{"line":34,"column":59},"end":{"line":34,"column":93}}]},"5":{"loc":{"start":{"line":37,"column":2},"end":{"line":42,"column":3}},"type":"if","locations":[{"start":{"line":37,"column":2},"end":{"line":42,"column":3}},{"start":{"line":39,"column":9},"end":{"line":42,"column":3}}]},"6":{"loc":{"start":{"line":37,"column":6},"end":{"line":37,"column":31}},"type":"binary-expr","locations":[{"start":{"line":37,"column":6},"end":{"line":37,"column":17}},{"start":{"line":37,"column":21},"end":{"line":37,"column":31}}]}},"s":{"0":9,"1":9,"2":9,"3":9,"4":9,"5":0,"6":0,"7":0,"8":0,"9":0,"10":9,"11":0,"12":0,"13":0,"14":0,"15":0,"16":0,"17":0,"18":0,"19":0,"20":0,"21":0,"22":9},"f":{"0":0,"1":0,"2":0},"b":{"0":[0,0],"1":[0],"2":[0,0],"3":[0,0],"4":[0,0],"5":[0,0],"6":[0,0]}}
,"C:\\Users\\Acer\\OneDrive - Softwarica College\\Desktop\\UNIGUIDE\\backend\\src\\services\\auth.service.ts": {"path":"C:\\Users\\Acer\\OneDrive - Softwarica College\\Desktop\\UNIGUIDE\\backend\\src\\services\\auth.service.ts","statementMap":{"0":{"start":{"line":1,"column":0},"end":{"line":1,"column":44}},"1":{"start":{"line":2,"column":0},"end":{"line":2,"column":28}},"2":{"start":{"line":3,"column":0},"end":{"line":3,"column":31}},"3":{"start":{"line":4,"column":0},"end":{"line":4,"column":28}},"4":{"start":{"line":5,"column":0},"end":{"line":5,"column":63}},"5":{"start":{"line":7,"column":0},"end":{"line":7,"column":57}},"6":{"start":{"line":9,"column":23},"end":{"line":14,"column":1}},"7":{"start":{"line":10,"column":19},"end":{"line":10,"column":40}},"8":{"start":{"line":12,"column":2},"end":{"line":12,"column":32}},"9":{"start":{"line":12,"column":16},"end":{"line":12,"column":32}},"10":{"start":{"line":13,"column":2},"end":{"line":13,"column":43}},"11":{"start":{"line":16,"column":20},"end":{"line":22,"column":1}},"12":{"start":{"line":17,"column":22},"end":{"line":17,"column":46}},"13":{"start":{"line":18,"column":16},"end":{"line":18,"column":33}},"14":{"start":{"line":19,"column":2},"end":{"line":19,"column":33}},"15":{"start":{"line":19,"column":20},"end":{"line":19,"column":33}},"16":{"start":{"line":21,"column":2},"end":{"line":21,"column":74}},"17":{"start":{"line":25,"column":28},"end":{"line":50,"column":1}},"18":{"start":{"line":26,"column":23},"end":{"line":26,"column":27}},"19":{"start":{"line":27,"column":16},"end":{"line":27,"column":47}},"20":{"start":{"line":29,"column":19},"end":{"line":29,"column":39}},"21":{"start":{"line":30,"column":16},"end":{"line":30,"column":33}},"22":{"start":{"line":32,"column":23},"end":{"line":32,"column":52}},"23":{"start":{"line":33,"column":2},"end":{"line":33,"column":64}},"24":{"start":{"line":33,"column":20},"end":{"line":33,"column":64}},"25":{"start":{"line":35,"column":25},"end":{"line":35,"column":56}},"26":{"start":{"line":37,"column":15},"end":{"line":43,"column":4}},"27":{"start":{"line":45,"column":2},"end":{"line":45,"column":20}},"28":{"start":{"line":47,"column":16},"end":{"line":47,"column":92}},"29":{"start":{"line":49,"column":2},"end":{"line":49,"column":25}},"30":{"start":{"line":25,"column":13},"end":{"line":25,"column":28}},"31":{"start":{"line":53,"column":25},"end":{"line":70,"column":1}},"32":{"start":{"line":54,"column":16},"end":{"line":54,"column":47}},"33":{"start":{"line":55,"column":23},"end":{"line":55,"column":27}},"34":{"start":{"line":56,"column":24},"end":{"line":56,"column":33}},"35":{"start":{"line":58,"column":15},"end":{"line":58,"column":44}},"36":{"start":{"line":59,"column":2},"end":{"line":59,"column":58}},"37":{"start":{"line":59,"column":13},"end":{"line":59,"column":58}},"38":{"start":{"line":61,"column":18},"end":{"line":61,"column":63}},"39":{"start":{"line":62,"column":2},"end":{"line":62,"column":61}},"40":{"start":{"line":62,"column":16},"end":{"line":62,"column":61}},"41":{"start":{"line":63,"column":2},"end":{"line":65,"column":3}},"42":{"start":{"line":64,"column":4},"end":{"line":64,"column":87}},"43":{"start":{"line":67,"column":16},"end":{"line":67,"column":92}},"44":{"start":{"line":69,"column":2},"end":{"line":69,"column":25}},"45":{"start":{"line":53,"column":13},"end":{"line":53,"column":25}},"46":{"start":{"line":72,"column":29},"end":{"line":76,"column":1}},"47":{"start":{"line":73,"column":15},"end":{"line":73,"column":104}},"48":{"start":{"line":74,"column":2},"end":{"line":74,"column":47}},"49":{"start":{"line":74,"column":13},"end":{"line":74,"column":47}},"50":{"start":{"line":75,"column":2},"end":{"line":75,"column":14}},"51":{"start":{"line":72,"column":13},"end":{"line":72,"column":29}},"52":{"start":{"line":78,"column":36},"end":{"line":95,"column":1}},"53":{"start":{"line":89,"column":22},"end":{"line":90,"column":null}},"54":{"start":{"line":93,"column":2},"end":{"line":93,"column":54}},"55":{"start":{"line":93,"column":20},"end":{"line":93,"column":54}},"56":{"start":{"line":94,"column":2},"end":{"line":94,"column":21}},"57":{"start":{"line":78,"column":13},"end":{"line":78,"column":36}},"58":{"start":{"line":97,"column":43},"end":{"line":119,"column":1}},"59":{"start":{"line":98,"column":26},"end":{"line":98,"column":52}},"60":{"start":{"line":99,"column":15},"end":{"line":99,"column":61}},"61":{"start":{"line":100,"column":2},"end":{"line":102,"column":3}},"62":{"start":{"line":101,"column":4},"end":{"line":101,"column":29}},"63":{"start":{"line":104,"column":19},"end":{"line":104,"column":57}},"64":{"start":{"line":105,"column":22},"end":{"line":105,"column":80}},"65":{"start":{"line":107,"column":2},"end":{"line":107,"column":40}},"66":{"start":{"line":108,"column":2},"end":{"line":108,"column":68}},"67":{"start":{"line":109,"column":2},"end":{"line":109,"column":20}},"68":{"start":{"line":111,"column":20},"end":{"line":111,"column":89}},"69":{"start":{"line":112,"column":2},"end":{"line":112,"column":59}},"70":{"start":{"line":114,"column":2},"end":{"line":116,"column":3}},"71":{"start":{"line":115,"column":4},"end":{"line":115,"column":62}},"72":{"start":{"line":118,"column":2},"end":{"line":118,"column":27}},"73":{"start":{"line":97,"column":13},"end":{"line":97,"column":43}},"74":{"start":{"line":121,"column":36},"end":{"line":137,"column":1}},"75":{"start":{"line":122,"column":22},"end":{"line":122,"column":77}},"76":{"start":{"line":124,"column":15},"end":{"line":127,"column":4}},"77":{"start":{"line":129,"column":2},"end":{"line":129,"column":63}},"78":{"start":{"line":129,"column":13},"end":{"line":129,"column":63}},"79":{"start":{"line":131,"column":2},"end":{"line":131,"column":53}},"80":{"start":{"line":132,"column":2},"end":{"line":132,"column":38}},"81":{"start":{"line":133,"column":2},"end":{"line":133,"column":40}},"82":{"start":{"line":134,"column":2},"end":{"line":134,"column":20}},"83":{"start":{"line":136,"column":2},"end":{"line":136,"column":27}},"84":{"start":{"line":121,"column":13},"end":{"line":121,"column":36}}},"fnMap":{"0":{"name":"(anonymous_1)","decl":{"start":{"line":9,"column":23},"end":{"line":9,"column":24}},"loc":{"start":{"line":9,"column":47},"end":{"line":14,"column":1}}},"1":{"name":"(anonymous_2)","decl":{"start":{"line":16,"column":20},"end":{"line":16,"column":21}},"loc":{"start":{"line":16,"column":44},"end":{"line":22,"column":1}}},"2":{"name":"(anonymous_3)","decl":{"start":{"line":25,"column":28},"end":{"line":25,"column":33}},"loc":{"start":{"line":25,"column":58},"end":{"line":50,"column":1}}},"3":{"name":"(anonymous_4)","decl":{"start":{"line":53,"column":25},"end":{"line":53,"column":30}},"loc":{"start":{"line":53,"column":52},"end":{"line":70,"column":1}}},"4":{"name":"(anonymous_5)","decl":{"start":{"line":72,"column":29},"end":{"line":72,"column":34}},"loc":{"start":{"line":72,"column":54},"end":{"line":76,"column":1}}},"5":{"name":"(anonymous_6)","decl":{"start":{"line":78,"column":36},"end":{"line":78,"column":41}},"loc":{"start":{"line":88,"column":4},"end":{"line":95,"column":1}}},"6":{"name":"(anonymous_7)","decl":{"start":{"line":97,"column":43},"end":{"line":97,"column":48}},"loc":{"start":{"line":97,"column":67},"end":{"line":119,"column":1}}},"7":{"name":"(anonymous_8)","decl":{"start":{"line":121,"column":36},"end":{"line":121,"column":41}},"loc":{"start":{"line":121,"column":81},"end":{"line":137,"column":1}}}},"branchMap":{"0":{"loc":{"start":{"line":12,"column":2},"end":{"line":12,"column":32}},"type":"if","locations":[{"start":{"line":12,"column":2},"end":{"line":12,"column":32}}]},"1":{"loc":{"start":{"line":19,"column":2},"end":{"line":19,"column":33}},"type":"if","locations":[{"start":{"line":19,"column":2},"end":{"line":19,"column":33}}]},"2":{"loc":{"start":{"line":21,"column":9},"end":{"line":21,"column":73}},"type":"cond-expr","locations":[{"start":{"line":21,"column":41},"end":{"line":21,"column":46}},{"start":{"line":21,"column":49},"end":{"line":21,"column":73}}]},"3":{"loc":{"start":{"line":33,"column":2},"end":{"line":33,"column":64}},"type":"if","locations":[{"start":{"line":33,"column":2},"end":{"line":33,"column":64}}]},"4":{"loc":{"start":{"line":59,"column":2},"end":{"line":59,"column":58}},"type":"if","locations":[{"start":{"line":59,"column":2},"end":{"line":59,"column":58}}]},"5":{"loc":{"start":{"line":62,"column":2},"end":{"line":62,"column":61}},"type":"if","locations":[{"start":{"line":62,"column":2},"end":{"line":62,"column":61}}]},"6":{"loc":{"start":{"line":63,"column":2},"end":{"line":65,"column":3}},"type":"if","locations":[{"start":{"line":63,"column":2},"end":{"line":65,"column":3}}]},"7":{"loc":{"start":{"line":63,"column":6},"end":{"line":63,"column":50}},"type":"binary-expr","locations":[{"start":{"line":63,"column":6},"end":{"line":63,"column":19}},{"start":{"line":63,"column":23},"end":{"line":63,"column":50}}]},"8":{"loc":{"start":{"line":64,"column":23},"end":{"line":64,"column":67}},"type":"cond-expr","locations":[{"start":{"line":64,"column":51},"end":{"line":64,"column":58}},{"start":{"line":64,"column":61},"end":{"line":64,"column":67}}]},"9":{"loc":{"start":{"line":74,"column":2},"end":{"line":74,"column":47}},"type":"if","locations":[{"start":{"line":74,"column":2},"end":{"line":74,"column":47}}]},"10":{"loc":{"start":{"line":93,"column":2},"end":{"line":93,"column":54}},"type":"if","locations":[{"start":{"line":93,"column":2},"end":{"line":93,"column":54}}]},"11":{"loc":{"start":{"line":100,"column":2},"end":{"line":102,"column":3}},"type":"if","locations":[{"start":{"line":100,"column":2},"end":{"line":102,"column":3}}]},"12":{"loc":{"start":{"line":114,"column":2},"end":{"line":116,"column":3}},"type":"if","locations":[{"start":{"line":114,"column":2},"end":{"line":116,"column":3}}]},"13":{"loc":{"start":{"line":129,"column":2},"end":{"line":129,"column":63}},"type":"if","locations":[{"start":{"line":129,"column":2},"end":{"line":129,"column":63}}]}},"s":{"0":9,"1":9,"2":9,"3":9,"4":9,"5":9,"6":9,"7":2,"8":2,"9":2,"10":0,"11":9,"12":2,"13":2,"14":2,"15":0,"16":2,"17":9,"18":2,"19":2,"20":2,"21":2,"22":2,"23":2,"24":1,"25":1,"26":1,"27":1,"28":1,"29":1,"30":9,"31":9,"32":2,"33":2,"34":2,"35":2,"36":2,"37":1,"38":1,"39":1,"40":1,"41":0,"42":0,"43":0,"44":0,"45":9,"46":9,"47":0,"48":0,"49":0,"50":0,"51":9,"52":9,"53":0,"54":0,"55":0,"56":0,"57":9,"58":9,"59":2,"60":2,"61":2,"62":1,"63":1,"64":1,"65":1,"66":1,"67":1,"68":1,"69":1,"70":1,"71":1,"72":0,"73":9,"74":9,"75":1,"76":1,"77":1,"78":1,"79":0,"80":0,"81":0,"82":0,"83":0,"84":9},"f":{"0":2,"1":2,"2":2,"3":2,"4":0,"5":0,"6":2,"7":1},"b":{"0":[2],"1":[0],"2":[0,2],"3":[1],"4":[1],"5":[1],"6":[0],"7":[0,0],"8":[0,0],"9":[0],"10":[0],"11":[1],"12":[1],"13":[1]}}
,"C:\\Users\\Acer\\OneDrive - Softwarica College\\Desktop\\UNIGUIDE\\backend\\src\\services\\course.service.ts": {"path":"C:\\Users\\Acer\\OneDrive - Softwarica College\\Desktop\\UNIGUIDE\\backend\\src\\services\\course.service.ts","statementMap":{"0":{"start":{"line":1,"column":0},"end":{"line":1,"column":56}},"1":{"start":{"line":3,"column":18},"end":{"line":3,"column":63}},"2":{"start":{"line":3,"column":37},"end":{"line":3,"column":63}},"3":{"start":{"line":5,"column":23},"end":{"line":12,"column":38}},"4":{"start":{"line":6,"column":2},"end":{"line":12,"column":38}},"5":{"start":{"line":9,"column":8},"end":{"line":9,"column":108}},"6":{"start":{"line":9,"column":65},"end":{"line":9,"column":86}},"7":{"start":{"line":12,"column":19},"end":{"line":12,"column":37}},"8":{"start":{"line":15,"column":29},"end":{"line":18,"column":1}},"9":{"start":{"line":16,"column":15},"end":{"line":16,"column":63}},"10":{"start":{"line":17,"column":2},"end":{"line":17,"column":30}},"11":{"start":{"line":15,"column":13},"end":{"line":15,"column":29}},"12":{"start":{"line":21,"column":35},"end":{"line":27,"column":1}},"13":{"start":{"line":22,"column":16},"end":{"line":22,"column":30}},"14":{"start":{"line":23,"column":17},"end":{"line":23,"column":36}},"15":{"start":{"line":24,"column":16},"end":{"line":24,"column":84}},"16":{"start":{"line":25,"column":15},"end":{"line":25,"column":102}},"17":{"start":{"line":26,"column":2},"end":{"line":26,"column":30}},"18":{"start":{"line":21,"column":13},"end":{"line":21,"column":35}},"19":{"start":{"line":30,"column":29},"end":{"line":36,"column":1}},"20":{"start":{"line":31,"column":15},"end":{"line":31,"column":63}},"21":{"start":{"line":32,"column":18},"end":{"line":32,"column":38}},"22":{"start":{"line":33,"column":17},"end":{"line":33,"column":74}},"23":{"start":{"line":33,"column":40},"end":{"line":33,"column":73}},"24":{"start":{"line":34,"column":2},"end":{"line":34,"column":51}},"25":{"start":{"line":34,"column":15},"end":{"line":34,"column":51}},"26":{"start":{"line":35,"column":2},"end":{"line":35,"column":16}},"27":{"start":{"line":30,"column":13},"end":{"line":30,"column":29}},"28":{"start":{"line":39,"column":37},"end":{"line":52,"column":1}},"29":{"start":{"line":40,"column":17},"end":{"line":40,"column":34}},"30":{"start":{"line":41,"column":15},"end":{"line":41,"column":73}},"31":{"start":{"line":42,"column":20},"end":{"line":49,"column":38}},"32":{"start":{"line":45,"column":25},"end":{"line":45,"column":103}},"33":{"start":{"line":45,"column":79},"end":{"line":45,"column":102}},"34":{"start":{"line":46,"column":22},"end":{"line":46,"column":54}},"35":{"start":{"line":49,"column":19},"end":{"line":49,"column":37}},"36":{"start":{"line":50,"column":2},"end":{"line":50,"column":76}},"37":{"start":{"line":50,"column":25},"end":{"line":50,"column":76}},"38":{"start":{"line":51,"column":2},"end":{"line":51,"column":19}},"39":{"start":{"line":39,"column":13},"end":{"line":39,"column":37}}},"fnMap":{"0":{"name":"(anonymous_0)","decl":{"start":{"line":3,"column":18},"end":{"line":3,"column":19}},"loc":{"start":{"line":3,"column":37},"end":{"line":3,"column":63}}},"1":{"name":"(anonymous_1)","decl":{"start":{"line":5,"column":23},"end":{"line":5,"column":24}},"loc":{"start":{"line":6,"column":2},"end":{"line":12,"column":38}}},"2":{"name":"(anonymous_2)","decl":{"start":{"line":8,"column":19},"end":{"line":8,"column":20}},"loc":{"start":{"line":9,"column":8},"end":{"line":9,"column":108}}},"3":{"name":"(anonymous_3)","decl":{"start":{"line":9,"column":53},"end":{"line":9,"column":54}},"loc":{"start":{"line":9,"column":65},"end":{"line":9,"column":86}}},"4":{"name":"(anonymous_4)","decl":{"start":{"line":12,"column":9},"end":{"line":12,"column":10}},"loc":{"start":{"line":12,"column":19},"end":{"line":12,"column":37}}},"5":{"name":"(anonymous_5)","decl":{"start":{"line":15,"column":29},"end":{"line":15,"column":34}},"loc":{"start":{"line":15,"column":40},"end":{"line":18,"column":1}}},"6":{"name":"(anonymous_6)","decl":{"start":{"line":21,"column":35},"end":{"line":21,"column":40}},"loc":{"start":{"line":21,"column":61},"end":{"line":27,"column":1}}},"7":{"name":"(anonymous_7)","decl":{"start":{"line":30,"column":29},"end":{"line":30,"column":34}},"loc":{"start":{"line":30,"column":50},"end":{"line":36,"column":1}}},"8":{"name":"(anonymous_8)","decl":{"start":{"line":33,"column":30},"end":{"line":33,"column":31}},"loc":{"start":{"line":33,"column":40},"end":{"line":33,"column":73}}},"9":{"name":"(anonymous_9)","decl":{"start":{"line":39,"column":37},"end":{"line":39,"column":42}},"loc":{"start":{"line":39,"column":62},"end":{"line":52,"column":1}}},"10":{"name":"(anonymous_10)","decl":{"start":{"line":45,"column":16},"end":{"line":45,"column":17}},"loc":{"start":{"line":45,"column":25},"end":{"line":45,"column":103}}},"11":{"name":"(anonymous_11)","decl":{"start":{"line":45,"column":72},"end":{"line":45,"column":73}},"loc":{"start":{"line":45,"column":79},"end":{"line":45,"column":102}}},"12":{"name":"(anonymous_12)","decl":{"start":{"line":46,"column":13},"end":{"line":46,"column":14}},"loc":{"start":{"line":46,"column":22},"end":{"line":46,"column":54}}},"13":{"name":"(anonymous_13)","decl":{"start":{"line":49,"column":9},"end":{"line":49,"column":10}},"loc":{"start":{"line":49,"column":19},"end":{"line":49,"column":37}}}},"branchMap":{"0":{"loc":{"start":{"line":9,"column":8},"end":{"line":9,"column":108}},"type":"cond-expr","locations":[{"start":{"line":9,"column":37},"end":{"line":9,"column":103}},{"start":{"line":9,"column":106},"end":{"line":9,"column":108}}]},"1":{"loc":{"start":{"line":34,"column":2},"end":{"line":34,"column":51}},"type":"if","locations":[{"start":{"line":34,"column":2},"end":{"line":34,"column":51}}]},"2":{"loc":{"start":{"line":45,"column":25},"end":{"line":45,"column":103}},"type":"binary-expr","locations":[{"start":{"line":45,"column":25},"end":{"line":45,"column":51}},{"start":{"line":45,"column":55},"end":{"line":45,"column":103}}]},"3":{"loc":{"start":{"line":46,"column":29},"end":{"line":46,"column":46}},"type":"binary-expr","locations":[{"start":{"line":46,"column":29},"end":{"line":46,"column":40}},{"start":{"line":46,"column":44},"end":{"line":46,"column":46}}]},"4":{"loc":{"start":{"line":50,"column":2},"end":{"line":50,"column":76}},"type":"if","locations":[{"start":{"line":50,"column":2},"end":{"line":50,"column":76}}]}},"s":{"0":7,"1":7,"2":15,"3":7,"4":4,"5":5,"6":11,"7":7,"8":7,"9":1,"10":1,"11":7,"12":7,"13":1,"14":1,"15":1,"16":1,"17":1,"18":7,"19":7,"20":2,"21":2,"22":2,"23":3,"24":2,"25":1,"26":1,"27":7,"28":7,"29":2,"30":2,"31":2,"32":6,"33":7,"34":3,"35":1,"36":2,"37":1,"38":1,"39":7},"f":{"0":15,"1":4,"2":5,"3":11,"4":7,"5":1,"6":1,"7":2,"8":3,"9":2,"10":6,"11":7,"12":3,"13":1},"b":{"0":[5,0],"1":[1],"2":[6,6],"3":[3,0],"4":[1]}}
,"C:\\Users\\Acer\\OneDrive - Softwarica College\\Desktop\\UNIGUIDE\\backend\\src\\services\\recommendation.service.ts": {"path":"C:\\Users\\Acer\\OneDrive - Softwarica College\\Desktop\\UNIGUIDE\\backend\\src\\services\\recommendation.service.ts","statementMap":{"0":{"start":{"line":1,"column":0},"end":{"line":1,"column":65}},"1":{"start":{"line":30,"column":19},"end":{"line":37,"column":1}},"2":{"start":{"line":31,"column":13},"end":{"line":31,"column":14}},"3":{"start":{"line":32,"column":2},"end":{"line":34,"column":3}},"4":{"start":{"line":32,"column":15},"end":{"line":32,"column":16}},"5":{"start":{"line":33,"column":4},"end":{"line":33,"column":49}},"6":{"start":{"line":35,"column":16},"end":{"line":35,"column":32}},"7":{"start":{"line":36,"column":2},"end":{"line":36,"column":21}},"8":{"start":{"line":39,"column":17},"end":{"line":43,"column":1}},"9":{"start":{"line":40,"column":15},"end":{"line":40,"column":25}},"10":{"start":{"line":41,"column":2},"end":{"line":41,"column":44}},"11":{"start":{"line":42,"column":2},"end":{"line":42,"column":94}},"12":{"start":{"line":45,"column":41},"end":{"line":91,"column":1}},"13":{"start":{"line":46,"column":23},"end":{"line":46,"column":56}},"14":{"start":{"line":48,"column":48},"end":{"line":67,"column":4}},"15":{"start":{"line":49,"column":27},"end":{"line":49,"column":62}},"16":{"start":{"line":51,"column":4},"end":{"line":66,"column":6}},"17":{"start":{"line":69,"column":25},"end":{"line":69,"column":82}},"18":{"start":{"line":69,"column":63},"end":{"line":69,"column":75}},"19":{"start":{"line":70,"column":23},"end":{"line":70,"column":80}},"20":{"start":{"line":70,"column":61},"end":{"line":70,"column":73}},"21":{"start":{"line":71,"column":17},"end":{"line":71,"column":50}},"22":{"start":{"line":73,"column":38},"end":{"line":78,"column":4}},"23":{"start":{"line":80,"column":46},"end":{"line":84,"column":4}},"24":{"start":{"line":86,"column":2},"end":{"line":90,"column":4}},"25":{"start":{"line":45,"column":13},"end":{"line":45,"column":41}}},"fnMap":{"0":{"name":"(anonymous_0)","decl":{"start":{"line":30,"column":19},"end":{"line":30,"column":20}},"loc":{"start":{"line":30,"column":34},"end":{"line":37,"column":1}}},"1":{"name":"(anonymous_1)","decl":{"start":{"line":39,"column":17},"end":{"line":39,"column":18}},"loc":{"start":{"line":39,"column":40},"end":{"line":43,"column":1}}},"2":{"name":"(anonymous_2)","decl":{"start":{"line":45,"column":41},"end":{"line":45,"column":46}},"loc":{"start":{"line":45,"column":52},"end":{"line":91,"column":1}}},"3":{"name":"(anonymous_3)","decl":{"start":{"line":48,"column":78},"end":{"line":48,"column":79}},"loc":{"start":{"line":48,"column":93},"end":{"line":67,"column":3}}},"4":{"name":"(anonymous_4)","decl":{"start":{"line":69,"column":53},"end":{"line":69,"column":54}},"loc":{"start":{"line":69,"column":63},"end":{"line":69,"column":75}}},"5":{"name":"(anonymous_5)","decl":{"start":{"line":70,"column":51},"end":{"line":70,"column":52}},"loc":{"start":{"line":70,"column":61},"end":{"line":70,"column":73}}}},"branchMap":{"0":{"loc":{"start":{"line":49,"column":27},"end":{"line":49,"column":62}},"type":"binary-expr","locations":[{"start":{"line":49,"column":27},"end":{"line":49,"column":41}},{"start":{"line":49,"column":45},"end":{"line":49,"column":62}}]},"1":{"loc":{"start":{"line":56,"column":20},"end":{"line":56,"column":38}},"type":"binary-expr","locations":[{"start":{"line":56,"column":20},"end":{"line":56,"column":32}},{"start":{"line":56,"column":36},"end":{"line":56,"column":38}}]},"2":{"loc":{"start":{"line":57,"column":15},"end":{"line":57,"column":33}},"type":"binary-expr","locations":[{"start":{"line":57,"column":15},"end":{"line":57,"column":27}},{"start":{"line":57,"column":31},"end":{"line":57,"column":33}}]},"3":{"loc":{"start":{"line":60,"column":16},"end":{"line":60,"column":57}},"type":"cond-expr","locations":[{"start":{"line":60,"column":34},"end":{"line":60,"column":43}},{"start":{"line":60,"column":46},"end":{"line":60,"column":57}}]},"4":{"loc":{"start":{"line":61,"column":15},"end":{"line":61,"column":64}},"type":"cond-expr","locations":[{"start":{"line":61,"column":33},"end":{"line":61,"column":47}},{"start":{"line":61,"column":50},"end":{"line":61,"column":64}}]},"5":{"loc":{"start":{"line":63,"column":14},"end":{"line":63,"column":55}},"type":"cond-expr","locations":[{"start":{"line":63,"column":32},"end":{"line":63,"column":43}},{"start":{"line":63,"column":46},"end":{"line":63,"column":55}}]},"6":{"loc":{"start":{"line":64,"column":15},"end":{"line":64,"column":34}},"type":"binary-expr","locations":[{"start":{"line":64,"column":15},"end":{"line":64,"column":28}},{"start":{"line":64,"column":32},"end":{"line":64,"column":34}}]},"7":{"loc":{"start":{"line":71,"column":17},"end":{"line":71,"column":50}},"type":"binary-expr","locations":[{"start":{"line":71,"column":17},"end":{"line":71,"column":42}},{"start":{"line":71,"column":46},"end":{"line":71,"column":50}}]}},"s":{"0":7,"1":7,"2":2,"3":2,"4":2,"5":10,"6":2,"7":2,"8":7,"9":3,"10":3,"11":3,"12":7,"13":1,"14":1,"15":2,"16":2,"17":1,"18":2,"19":1,"20":2,"21":1,"22":1,"23":1,"24":1,"25":7},"f":{"0":2,"1":3,"2":1,"3":2,"4":2,"5":2},"b":{"0":[2,1],"1":[2,1],"2":[2,1],"3":[1,1],"4":[1,1],"5":[1,1],"6":[2,1],"7":[1,0]}}
,"C:\\Users\\Acer\\OneDrive - Softwarica College\\Desktop\\UNIGUIDE\\backend\\src\\services\\university.service.ts": {"path":"C:\\Users\\Acer\\OneDrive - Softwarica College\\Desktop\\UNIGUIDE\\backend\\src\\services\\university.service.ts","statementMap":{"0":{"start":{"line":1,"column":0},"end":{"line":1,"column":56}},"1":{"start":{"line":2,"column":0},"end":{"line":2,"column":32}},"2":{"start":{"line":24,"column":18},"end":{"line":24,"column":63}},"3":{"start":{"line":24,"column":37},"end":{"line":24,"column":63}},"4":{"start":{"line":26,"column":22},"end":{"line":48,"column":2}},"5":{"start":{"line":26,"column":56},"end":{"line":48,"column":2}},"6":{"start":{"line":37,"column":77},"end":{"line":37,"column":91}},"7":{"start":{"line":39,"column":50},"end":{"line":39,"column":62}},"8":{"start":{"line":42,"column":46},"end":{"line":42,"column":58}},"9":{"start":{"line":50,"column":41},"end":{"line":53,"column":1}},"10":{"start":{"line":51,"column":23},"end":{"line":51,"column":71}},"11":{"start":{"line":52,"column":2},"end":{"line":52,"column":41}},"12":{"start":{"line":50,"column":13},"end":{"line":50,"column":41}},"13":{"start":{"line":58,"column":35},"end":{"line":61,"column":1}},"14":{"start":{"line":59,"column":20},"end":{"line":59,"column":56}},"15":{"start":{"line":60,"column":2},"end":{"line":60,"column":104}},"16":{"start":{"line":60,"column":36},"end":{"line":60,"column":51}},"17":{"start":{"line":60,"column":84},"end":{"line":60,"column":102}},"18":{"start":{"line":58,"column":13},"end":{"line":58,"column":35}},"19":{"start":{"line":66,"column":38},"end":{"line":74,"column":1}},"20":{"start":{"line":67,"column":16},"end":{"line":67,"column":30}},"21":{"start":{"line":68,"column":17},"end":{"line":68,"column":36}},"22":{"start":{"line":69,"column":16},"end":{"line":69,"column":84}},"23":{"start":{"line":70,"column":23},"end":{"line":72,"column":29}},"24":{"start":{"line":73,"column":2},"end":{"line":73,"column":41}},"25":{"start":{"line":66,"column":13},"end":{"line":66,"column":38}},"26":{"start":{"line":79,"column":42},"end":{"line":87,"column":1}},"27":{"start":{"line":80,"column":55},"end":{"line":80,"column":83}},"28":{"start":{"line":81,"column":2},"end":{"line":83,"column":3}},"29":{"start":{"line":82,"column":4},"end":{"line":82,"column":45}},"30":{"start":{"line":84,"column":14},"end":{"line":84,"column":68}},"31":{"start":{"line":85,"column":2},"end":{"line":85,"column":52}},"32":{"start":{"line":85,"column":12},"end":{"line":85,"column":52}},"33":{"start":{"line":86,"column":2},"end":{"line":86,"column":28}},"34":{"start":{"line":79,"column":13},"end":{"line":79,"column":42}},"35":{"start":{"line":92,"column":43},"end":{"line":103,"column":1}},"36":{"start":{"line":93,"column":50},"end":{"line":93,"column":52}},"37":{"start":{"line":94,"column":20},"end":{"line":94,"column":76}},"38":{"start":{"line":94,"column":39},"end":{"line":94,"column":75}},"39":{"start":{"line":95,"column":20},"end":{"line":95,"column":75}},"40":{"start":{"line":95,"column":39},"end":{"line":95,"column":74}},"41":{"start":{"line":97,"column":2},"end":{"line":97,"column":71}},"42":{"start":{"line":97,"column":24},"end":{"line":97,"column":71}},"43":{"start":{"line":98,"column":2},"end":{"line":98,"column":66}},"44":{"start":{"line":98,"column":24},"end":{"line":98,"column":66}},"45":{"start":{"line":100,"column":2},"end":{"line":100,"column":33}},"46":{"start":{"line":100,"column":23},"end":{"line":100,"column":33}},"47":{"start":{"line":101,"column":23},"end":{"line":101,"column":69}},"48":{"start":{"line":102,"column":2},"end":{"line":102,"column":41}},"49":{"start":{"line":92,"column":13},"end":{"line":92,"column":43}},"50":{"start":{"line":108,"column":33},"end":{"line":124,"column":1}},"51":{"start":{"line":109,"column":23},"end":{"line":109,"column":71}},"52":{"start":{"line":110,"column":21},"end":{"line":116,"column":38}},"53":{"start":{"line":113,"column":8},"end":{"line":113,"column":117}},"54":{"start":{"line":113,"column":74},"end":{"line":113,"column":95}},"55":{"start":{"line":116,"column":19},"end":{"line":116,"column":37}},"56":{"start":{"line":118,"column":2},"end":{"line":122,"column":3}},"57":{"start":{"line":119,"column":19},"end":{"line":119,"column":87}},"58":{"start":{"line":119,"column":45},"end":{"line":119,"column":86}},"59":{"start":{"line":120,"column":4},"end":{"line":120,"column":53}},"60":{"start":{"line":120,"column":17},"end":{"line":120,"column":53}},"61":{"start":{"line":121,"column":4},"end":{"line":121,"column":18}},"62":{"start":{"line":123,"column":2},"end":{"line":123,"column":20}},"63":{"start":{"line":108,"column":13},"end":{"line":108,"column":33}}},"fnMap":{"0":{"name":"(anonymous_1)","decl":{"start":{"line":24,"column":18},"end":{"line":24,"column":19}},"loc":{"start":{"line":24,"column":37},"end":{"line":24,"column":63}}},"1":{"name":"(anonymous_2)","decl":{"start":{"line":26,"column":22},"end":{"line":26,"column":23}},"loc":{"start":{"line":26,"column":56},"end":{"line":48,"column":2}}},"2":{"name":"(anonymous_3)","decl":{"start":{"line":37,"column":56},"end":{"line":37,"column":57}},"loc":{"start":{"line":37,"column":77},"end":{"line":37,"column":91}}},"3":{"name":"(anonymous_4)","decl":{"start":{"line":39,"column":31},"end":{"line":39,"column":32}},"loc":{"start":{"line":39,"column":50},"end":{"line":39,"column":62}}},"4":{"name":"(anonymous_5)","decl":{"start":{"line":42,"column":27},"end":{"line":42,"column":28}},"loc":{"start":{"line":42,"column":46},"end":{"line":42,"column":58}}},"5":{"name":"(anonymous_6)","decl":{"start":{"line":50,"column":41},"end":{"line":50,"column":46}},"loc":{"start":{"line":50,"column":52},"end":{"line":53,"column":1}}},"6":{"name":"(anonymous_7)","decl":{"start":{"line":58,"column":35},"end":{"line":58,"column":40}},"loc":{"start":{"line":58,"column":65},"end":{"line":61,"column":1}}},"7":{"name":"(anonymous_8)","decl":{"start":{"line":60,"column":23},"end":{"line":60,"column":24}},"loc":{"start":{"line":60,"column":36},"end":{"line":60,"column":51}}},"8":{"name":"(anonymous_9)","decl":{"start":{"line":60,"column":74},"end":{"line":60,"column":75}},"loc":{"start":{"line":60,"column":84},"end":{"line":60,"column":102}}},"9":{"name":"(anonymous_10)","decl":{"start":{"line":66,"column":38},"end":{"line":66,"column":43}},"loc":{"start":{"line":66,"column":64},"end":{"line":74,"column":1}}},"10":{"name":"(anonymous_11)","decl":{"start":{"line":79,"column":42},"end":{"line":79,"column":47}},"loc":{"start":{"line":79,"column":73},"end":{"line":87,"column":1}}},"11":{"name":"(anonymous_12)","decl":{"start":{"line":92,"column":43},"end":{"line":92,"column":48}},"loc":{"start":{"line":92,"column":67},"end":{"line":103,"column":1}}},"12":{"name":"(anonymous_13)","decl":{"start":{"line":94,"column":31},"end":{"line":94,"column":32}},"loc":{"start":{"line":94,"column":39},"end":{"line":94,"column":75}}},"13":{"name":"(anonymous_14)","decl":{"start":{"line":95,"column":31},"end":{"line":95,"column":32}},"loc":{"start":{"line":95,"column":39},"end":{"line":95,"column":74}}},"14":{"name":"(anonymous_15)","decl":{"start":{"line":108,"column":33},"end":{"line":108,"column":38}},"loc":{"start":{"line":108,"column":63},"end":{"line":124,"column":1}}},"15":{"name":"(anonymous_16)","decl":{"start":{"line":112,"column":27},"end":{"line":112,"column":28}},"loc":{"start":{"line":113,"column":8},"end":{"line":113,"column":117}}},"16":{"name":"(anonymous_17)","decl":{"start":{"line":113,"column":53},"end":{"line":113,"column":54}},"loc":{"start":{"line":113,"column":74},"end":{"line":113,"column":95}}},"17":{"name":"(anonymous_18)","decl":{"start":{"line":116,"column":9},"end":{"line":116,"column":10}},"loc":{"start":{"line":116,"column":19},"end":{"line":116,"column":37}}},"18":{"name":"(anonymous_19)","decl":{"start":{"line":119,"column":35},"end":{"line":119,"column":36}},"loc":{"start":{"line":119,"column":45},"end":{"line":119,"column":86}}}},"branchMap":{"0":{"loc":{"start":{"line":27,"column":13},"end":{"line":27,"column":36}},"type":"binary-expr","locations":[{"start":{"line":27,"column":13},"end":{"line":27,"column":25}},{"start":{"line":27,"column":29},"end":{"line":27,"column":36}}]},"1":{"loc":{"start":{"line":29,"column":17},"end":{"line":29,"column":33}},"type":"binary-expr","locations":[{"start":{"line":29,"column":17},"end":{"line":29,"column":27}},{"start":{"line":29,"column":31},"end":{"line":29,"column":33}}]},"2":{"loc":{"start":{"line":30,"column":18},"end":{"line":30,"column":35}},"type":"binary-expr","locations":[{"start":{"line":30,"column":18},"end":{"line":30,"column":29}},{"start":{"line":30,"column":33},"end":{"line":30,"column":35}}]},"3":{"loc":{"start":{"line":31,"column":9},"end":{"line":31,"column":31}},"type":"binary-expr","locations":[{"start":{"line":31,"column":9},"end":{"line":31,"column":18}},{"start":{"line":31,"column":22},"end":{"line":31,"column":31}}]},"4":{"loc":{"start":{"line":32,"column":8},"end":{"line":32,"column":29}},"type":"binary-expr","locations":[{"start":{"line":32,"column":8},"end":{"line":32,"column":16}},{"start":{"line":32,"column":20},"end":{"line":32,"column":29}}]},"5":{"loc":{"start":{"line":33,"column":15},"end":{"line":33,"column":29}},"type":"binary-expr","locations":[{"start":{"line":33,"column":15},"end":{"line":33,"column":23}},{"start":{"line":33,"column":27},"end":{"line":33,"column":29}}]},"6":{"loc":{"start":{"line":34,"column":13},"end":{"line":34,"column":39}},"type":"binary-expr","locations":[{"start":{"line":34,"column":13},"end":{"line":34,"column":26}},{"start":{"line":34,"column":30},"end":{"line":34,"column":39}}]},"7":{"loc":{"start":{"line":35,"column":12},"end":{"line":35,"column":37}},"type":"binary-expr","locations":[{"start":{"line":35,"column":12},"end":{"line":35,"column":24}},{"start":{"line":35,"column":28},"end":{"line":35,"column":37}}]},"8":{"loc":{"start":{"line":36,"column":12},"end":{"line":36,"column":37}},"type":"binary-expr","locations":[{"start":{"line":36,"column":12},"end":{"line":36,"column":24}},{"start":{"line":36,"column":28},"end":{"line":36,"column":37}}]},"9":{"loc":{"start":{"line":37,"column":11},"end":{"line":37,"column":113}},"type":"cond-expr","locations":[{"start":{"line":37,"column":40},"end":{"line":37,"column":108}},{"start":{"line":37,"column":111},"end":{"line":37,"column":113}}]},"10":{"loc":{"start":{"line":38,"column":20},"end":{"line":40,"column":15}},"type":"cond-expr","locations":[{"start":{"line":39,"column":6},"end":{"line":39,"column":79}},{"start":{"line":40,"column":6},"end":{"line":40,"column":15}}]},"11":{"loc":{"start":{"line":41,"column":16},"end":{"line":43,"column":15}},"type":"cond-expr","locations":[{"start":{"line":42,"column":6},"end":{"line":42,"column":75}},{"start":{"line":43,"column":6},"end":{"line":43,"column":15}}]},"12":{"loc":{"start":{"line":44,"column":12},"end":{"line":44,"column":66}},"type":"cond-expr","locations":[{"start":{"line":44,"column":47},"end":{"line":44,"column":59}},{"start":{"line":44,"column":62},"end":{"line":44,"column":66}}]},"13":{"loc":{"start":{"line":45,"column":15},"end":{"line":45,"column":81}},"type":"cond-expr","locations":[{"start":{"line":45,"column":54},"end":{"line":45,"column":69}},{"start":{"line":45,"column":72},"end":{"line":45,"column":81}}]},"14":{"loc":{"start":{"line":46,"column":10},"end":{"line":46,"column":60}},"type":"cond-expr","locations":[{"start":{"line":46,"column":43},"end":{"line":46,"column":53}},{"start":{"line":46,"column":56},"end":{"line":46,"column":60}}]},"15":{"loc":{"start":{"line":47,"column":15},"end":{"line":47,"column":43}},"type":"binary-expr","locations":[{"start":{"line":47,"column":15},"end":{"line":47,"column":30}},{"start":{"line":47,"column":34},"end":{"line":47,"column":43}}]},"16":{"loc":{"start":{"line":81,"column":2},"end":{"line":83,"column":3}},"type":"if","locations":[{"start":{"line":81,"column":2},"end":{"line":83,"column":3}}]},"17":{"loc":{"start":{"line":85,"column":2},"end":{"line":85,"column":52}},"type":"if","locations":[{"start":{"line":85,"column":2},"end":{"line":85,"column":52}}]},"18":{"loc":{"start":{"line":97,"column":2},"end":{"line":97,"column":71}},"type":"if","locations":[{"start":{"line":97,"column":2},"end":{"line":97,"column":71}}]},"19":{"loc":{"start":{"line":98,"column":2},"end":{"line":98,"column":66}},"type":"if","locations":[{"start":{"line":98,"column":2},"end":{"line":98,"column":66}}]},"20":{"loc":{"start":{"line":100,"column":2},"end":{"line":100,"column":33}},"type":"if","locations":[{"start":{"line":100,"column":2},"end":{"line":100,"column":33}}]},"21":{"loc":{"start":{"line":113,"column":8},"end":{"line":113,"column":117}},"type":"cond-expr","locations":[{"start":{"line":113,"column":37},"end":{"line":113,"column":112}},{"start":{"line":113,"column":115},"end":{"line":113,"column":117}}]},"22":{"loc":{"start":{"line":118,"column":2},"end":{"line":122,"column":3}},"type":"if","locations":[{"start":{"line":118,"column":2},"end":{"line":122,"column":3}}]},"23":{"loc":{"start":{"line":120,"column":4},"end":{"line":120,"column":53}},"type":"if","locations":[{"start":{"line":120,"column":4},"end":{"line":120,"column":53}}]}},"s":{"0":8,"1":8,"2":8,"3":12,"4":8,"5":4,"6":2,"7":0,"8":0,"9":8,"10":1,"11":1,"12":8,"13":8,"14":1,"15":1,"16":3,"17":1,"18":8,"19":8,"20":1,"21":1,"22":1,"23":1,"24":1,"25":8,"26":8,"27":2,"28":2,"29":1,"30":2,"31":2,"32":1,"33":1,"34":8,"35":8,"36":2,"37":2,"38":2,"39":2,"40":2,"41":2,"42":1,"43":2,"44":1,"45":2,"46":1,"47":1,"48":1,"49":8,"50":8,"51":3,"52":3,"53":6,"54":9,"55":12,"56":3,"57":2,"58":6,"59":2,"60":1,"61":1,"62":1,"63":8},"f":{"0":12,"1":4,"2":2,"3":0,"4":0,"5":1,"6":1,"7":3,"8":1,"9":1,"10":2,"11":2,"12":2,"13":2,"14":3,"15":6,"16":9,"17":12,"18":6},"b":{"0":[4,1],"1":[4,3],"2":[4,0],"3":[4,4],"4":[4,4],"5":[4,0],"6":[4,4],"7":[4,4],"8":[4,4],"9":[4,0],"10":[0,4],"11":[0,4],"12":[0,4],"13":[1,3],"14":[1,3],"15":[4,4],"16":[1],"17":[1],"18":[1],"19":[1],"20":[1],"21":[6,0],"22":[2],"23":[1]}}
,"C:\\Users\\Acer\\OneDrive - Softwarica College\\Desktop\\UNIGUIDE\\backend\\src\\services\\user.service.ts": {"path":"C:\\Users\\Acer\\OneDrive - Softwarica College\\Desktop\\UNIGUIDE\\backend\\src\\services\\user.service.ts","statementMap":{"0":{"start":{"line":1,"column":0},"end":{"line":1,"column":51}},"1":{"start":{"line":2,"column":0},"end":{"line":2,"column":28}},"2":{"start":{"line":3,"column":0},"end":{"line":3,"column":56}},"3":{"start":{"line":4,"column":0},"end":{"line":4,"column":32}},"4":{"start":{"line":5,"column":0},"end":{"line":5,"column":null}},"5":{"start":{"line":16,"column":30},"end":{"line":18,"column":1}},"6":{"start":{"line":17,"column":2},"end":{"line":17,"column":36}},"7":{"start":{"line":16,"column":13},"end":{"line":16,"column":30}},"8":{"start":{"line":21,"column":29},"end":{"line":26,"column":1}},"9":{"start":{"line":22,"column":2},"end":{"line":24,"column":3}},"10":{"start":{"line":23,"column":4},"end":{"line":23,"column":57}},"11":{"start":{"line":25,"column":2},"end":{"line":25,"column":40}},"12":{"start":{"line":21,"column":13},"end":{"line":21,"column":29}},"13":{"start":{"line":29,"column":29},"end":{"line":31,"column":1}},"14":{"start":{"line":30,"column":2},"end":{"line":30,"column":34}},"15":{"start":{"line":29,"column":13},"end":{"line":29,"column":29}},"16":{"start":{"line":38,"column":37},"end":{"line":63,"column":1}},"17":{"start":{"line":39,"column":15},"end":{"line":39,"column":42}},"18":{"start":{"line":40,"column":2},"end":{"line":40,"column":47}},"19":{"start":{"line":40,"column":13},"end":{"line":40,"column":47}},"20":{"start":{"line":41,"column":2},"end":{"line":41,"column":66}},"21":{"start":{"line":41,"column":21},"end":{"line":41,"column":66}},"22":{"start":{"line":43,"column":53},"end":{"line":43,"column":81}},"23":{"start":{"line":44,"column":2},"end":{"line":46,"column":3}},"24":{"start":{"line":45,"column":4},"end":{"line":45,"column":43}},"25":{"start":{"line":48,"column":28},"end":{"line":48,"column":96}},"26":{"start":{"line":50,"column":22},"end":{"line":50,"column":116}},"27":{"start":{"line":51,"column":18},"end":{"line":53,"column":19}},"28":{"start":{"line":55,"column":2},"end":{"line":55,"column":74}},"29":{"start":{"line":55,"column":62},"end":{"line":55,"column":72}},"30":{"start":{"line":56,"column":2},"end":{"line":56,"column":98}},"31":{"start":{"line":56,"column":70},"end":{"line":56,"column":96}},"32":{"start":{"line":57,"column":2},"end":{"line":60,"column":3}},"33":{"start":{"line":58,"column":4},"end":{"line":58,"column":45}},"34":{"start":{"line":59,"column":4},"end":{"line":59,"column":51}},"35":{"start":{"line":62,"column":2},"end":{"line":62,"column":14}},"36":{"start":{"line":38,"column":13},"end":{"line":38,"column":37}},"37":{"start":{"line":66,"column":43},"end":{"line":98,"column":1}},"38":{"start":{"line":67,"column":15},"end":{"line":67,"column":42}},"39":{"start":{"line":68,"column":2},"end":{"line":68,"column":47}},"40":{"start":{"line":68,"column":13},"end":{"line":68,"column":47}},"41":{"start":{"line":70,"column":21},"end":{"line":70,"column":83}},"42":{"start":{"line":70,"column":56},"end":{"line":70,"column":66}},"43":{"start":{"line":71,"column":20},"end":{"line":71,"column":83}},"44":{"start":{"line":71,"column":46},"end":{"line":71,"column":82}},"45":{"start":{"line":72,"column":20},"end":{"line":72,"column":82}},"46":{"start":{"line":72,"column":46},"end":{"line":72,"column":81}},"47":{"start":{"line":73,"column":49},"end":{"line":73,"column":51}},"48":{"start":{"line":74,"column":2},"end":{"line":76,"column":3}},"49":{"start":{"line":75,"column":4},"end":{"line":75,"column":50}},"50":{"start":{"line":77,"column":2},"end":{"line":79,"column":3}},"51":{"start":{"line":78,"column":4},"end":{"line":78,"column":45}},"52":{"start":{"line":81,"column":23},"end":{"line":83,"column":8}},"53":{"start":{"line":85,"column":21},"end":{"line":85,"column":46}},"54":{"start":{"line":86,"column":17},"end":{"line":86,"column":42}},"55":{"start":{"line":87,"column":2},"end":{"line":91,"column":3}},"56":{"start":{"line":88,"column":21},"end":{"line":88,"column":52}},"57":{"start":{"line":89,"column":4},"end":{"line":89,"column":39}},"58":{"start":{"line":90,"column":4},"end":{"line":90,"column":42}},"59":{"start":{"line":93,"column":2},"end":{"line":97,"column":4}},"60":{"start":{"line":95,"column":29},"end":{"line":95,"column":71}},"61":{"start":{"line":66,"column":13},"end":{"line":66,"column":43}},"62":{"start":{"line":101,"column":44},"end":{"line":123,"column":1}},"63":{"start":{"line":102,"column":15},"end":{"line":102,"column":42}},"64":{"start":{"line":103,"column":2},"end":{"line":103,"column":47}},"65":{"start":{"line":103,"column":13},"end":{"line":103,"column":47}},"66":{"start":{"line":104,"column":2},"end":{"line":104,"column":66}},"67":{"start":{"line":104,"column":21},"end":{"line":104,"column":66}},"68":{"start":{"line":106,"column":55},"end":{"line":106,"column":83}},"69":{"start":{"line":107,"column":2},"end":{"line":109,"column":3}},"70":{"start":{"line":108,"column":4},"end":{"line":108,"column":45}},"71":{"start":{"line":111,"column":28},"end":{"line":111,"column":98}},"72":{"start":{"line":113,"column":18},"end":{"line":115,"column":20}},"73":{"start":{"line":117,"column":2},"end":{"line":119,"column":43}},"74":{"start":{"line":118,"column":17},"end":{"line":118,"column":27}},"75":{"start":{"line":119,"column":20},"end":{"line":119,"column":41}},"76":{"start":{"line":121,"column":2},"end":{"line":121,"column":49}},"77":{"start":{"line":122,"column":2},"end":{"line":122,"column":14}},"78":{"start":{"line":101,"column":13},"end":{"line":101,"column":44}}},"fnMap":{"0":{"name":"(anonymous_1)","decl":{"start":{"line":16,"column":30},"end":{"line":16,"column":35}},"loc":{"start":{"line":16,"column":78},"end":{"line":18,"column":1}}},"1":{"name":"(anonymous_2)","decl":{"start":{"line":21,"column":29},"end":{"line":21,"column":34}},"loc":{"start":{"line":21,"column":99},"end":{"line":26,"column":1}}},"2":{"name":"(anonymous_3)","decl":{"start":{"line":29,"column":29},"end":{"line":29,"column":34}},"loc":{"start":{"line":29,"column":77},"end":{"line":31,"column":1}}},"3":{"name":"(anonymous_4)","decl":{"start":{"line":38,"column":37},"end":{"line":38,"column":42}},"loc":{"start":{"line":38,"column":100},"end":{"line":63,"column":1}}},"4":{"name":"(anonymous_5)","decl":{"start":{"line":55,"column":54},"end":{"line":55,"column":55}},"loc":{"start":{"line":55,"column":62},"end":{"line":55,"column":72}}},"5":{"name":"(anonymous_6)","decl":{"start":{"line":56,"column":57},"end":{"line":56,"column":58}},"loc":{"start":{"line":56,"column":70},"end":{"line":56,"column":96}}},"6":{"name":"(anonymous_7)","decl":{"start":{"line":66,"column":43},"end":{"line":66,"column":48}},"loc":{"start":{"line":66,"column":68},"end":{"line":98,"column":1}}},"7":{"name":"(anonymous_8)","decl":{"start":{"line":70,"column":48},"end":{"line":70,"column":49}},"loc":{"start":{"line":70,"column":56},"end":{"line":70,"column":66}}},"8":{"name":"(anonymous_9)","decl":{"start":{"line":71,"column":38},"end":{"line":71,"column":39}},"loc":{"start":{"line":71,"column":46},"end":{"line":71,"column":82}}},"9":{"name":"(anonymous_10)","decl":{"start":{"line":72,"column":38},"end":{"line":72,"column":39}},"loc":{"start":{"line":72,"column":46},"end":{"line":72,"column":81}}},"10":{"name":"(anonymous_11)","decl":{"start":{"line":95,"column":21},"end":{"line":95,"column":22}},"loc":{"start":{"line":95,"column":29},"end":{"line":95,"column":71}}},"11":{"name":"(anonymous_12)","decl":{"start":{"line":101,"column":44},"end":{"line":101,"column":49}},"loc":{"start":{"line":101,"column":91},"end":{"line":123,"column":1}}},"12":{"name":"(anonymous_13)","decl":{"start":{"line":118,"column":9},"end":{"line":118,"column":10}},"loc":{"start":{"line":118,"column":17},"end":{"line":118,"column":27}}},"13":{"name":"(anonymous_14)","decl":{"start":{"line":119,"column":12},"end":{"line":119,"column":13}},"loc":{"start":{"line":119,"column":20},"end":{"line":119,"column":41}}}},"branchMap":{"0":{"loc":{"start":{"line":22,"column":2},"end":{"line":24,"column":3}},"type":"if","locations":[{"start":{"line":22,"column":2},"end":{"line":24,"column":3}}]},"1":{"loc":{"start":{"line":40,"column":2},"end":{"line":40,"column":47}},"type":"if","locations":[{"start":{"line":40,"column":2},"end":{"line":40,"column":47}}]},"2":{"loc":{"start":{"line":41,"column":2},"end":{"line":41,"column":66}},"type":"if","locations":[{"start":{"line":41,"column":2},"end":{"line":41,"column":66}}]},"3":{"loc":{"start":{"line":44,"column":2},"end":{"line":46,"column":3}},"type":"if","locations":[{"start":{"line":44,"column":2},"end":{"line":46,"column":3}}]},"4":{"loc":{"start":{"line":50,"column":22},"end":{"line":50,"column":116}},"type":"cond-expr","locations":[{"start":{"line":50,"column":42},"end":{"line":50,"column":101}},{"start":{"line":50,"column":104},"end":{"line":50,"column":116}}]},"5":{"loc":{"start":{"line":50,"column":49},"end":{"line":50,"column":100}},"type":"binary-expr","locations":[{"start":{"line":50,"column":49},"end":{"line":50,"column":75}},{"start":{"line":50,"column":79},"end":{"line":50,"column":100}}]},"6":{"loc":{"start":{"line":51,"column":18},"end":{"line":53,"column":19}},"type":"cond-expr","locations":[{"start":{"line":52,"column":6},"end":{"line":52,"column":129}},{"start":{"line":53,"column":6},"end":{"line":53,"column":19}}]},"7":{"loc":{"start":{"line":52,"column":64},"end":{"line":52,"column":96}},"type":"binary-expr","locations":[{"start":{"line":52,"column":64},"end":{"line":52,"column":90}},{"start":{"line":52,"column":94},"end":{"line":52,"column":96}}]},"8":{"loc":{"start":{"line":57,"column":2},"end":{"line":60,"column":3}},"type":"if","locations":[{"start":{"line":57,"column":2},"end":{"line":60,"column":3}}]},"9":{"loc":{"start":{"line":68,"column":2},"end":{"line":68,"column":47}},"type":"if","locations":[{"start":{"line":68,"column":2},"end":{"line":68,"column":47}}]},"10":{"loc":{"start":{"line":74,"column":2},"end":{"line":76,"column":3}},"type":"if","locations":[{"start":{"line":74,"column":2},"end":{"line":76,"column":3}}]},"11":{"loc":{"start":{"line":77,"column":2},"end":{"line":79,"column":3}},"type":"if","locations":[{"start":{"line":77,"column":2},"end":{"line":79,"column":3}}]},"12":{"loc":{"start":{"line":81,"column":23},"end":{"line":83,"column":8}},"type":"cond-expr","locations":[{"start":{"line":82,"column":6},"end":{"line":82,"column":67}},{"start":{"line":83,"column":6},"end":{"line":83,"column":8}}]},"13":{"loc":{"start":{"line":88,"column":28},"end":{"line":88,"column":51}},"type":"binary-expr","locations":[{"start":{"line":88,"column":28},"end":{"line":88,"column":40}},{"start":{"line":88,"column":44},"end":{"line":88,"column":51}}]},"14":{"loc":{"start":{"line":95,"column":29},"end":{"line":95,"column":71}},"type":"binary-expr","locations":[{"start":{"line":95,"column":29},"end":{"line":95,"column":47}},{"start":{"line":95,"column":51},"end":{"line":95,"column":65}},{"start":{"line":95,"column":69},"end":{"line":95,"column":71}}]},"15":{"loc":{"start":{"line":103,"column":2},"end":{"line":103,"column":47}},"type":"if","locations":[{"start":{"line":103,"column":2},"end":{"line":103,"column":47}}]},"16":{"loc":{"start":{"line":104,"column":2},"end":{"line":104,"column":66}},"type":"if","locations":[{"start":{"line":104,"column":2},"end":{"line":104,"column":66}}]},"17":{"loc":{"start":{"line":107,"column":2},"end":{"line":109,"column":3}},"type":"if","locations":[{"start":{"line":107,"column":2},"end":{"line":109,"column":3}}]},"18":{"loc":{"start":{"line":113,"column":18},"end":{"line":115,"column":20}},"type":"cond-expr","locations":[{"start":{"line":114,"column":6},"end":{"line":114,"column":130}},{"start":{"line":115,"column":6},"end":{"line":115,"column":20}}]},"19":{"loc":{"start":{"line":114,"column":64},"end":{"line":114,"column":96}},"type":"binary-expr","locations":[{"start":{"line":114,"column":64},"end":{"line":114,"column":90}},{"start":{"line":114,"column":94},"end":{"line":114,"column":96}}]}},"s":{"0":7,"1":7,"2":7,"3":7,"4":7,"5":7,"6":1,"7":7,"8":7,"9":1,"10":1,"11":1,"12":7,"13":7,"14":1,"15":7,"16":7,"17":2,"18":2,"19":1,"20":1,"21":0,"22":1,"23":1,"24":0,"25":1,"26":1,"27":1,"28":1,"29":0,"30":1,"31":0,"32":1,"33":1,"34":1,"35":1,"36":7,"37":7,"38":1,"39":1,"40":0,"41":1,"42":1,"43":1,"44":1,"45":1,"46":1,"47":1,"48":1,"49":1,"50":1,"51":0,"52":1,"53":1,"54":1,"55":1,"56":1,"57":1,"58":1,"59":1,"60":1,"61":7,"62":7,"63":1,"64":1,"65":0,"66":1,"67":0,"68":1,"69":1,"70":0,"71":1,"72":1,"73":1,"74":2,"75":2,"76":1,"77":1,"78":7},"f":{"0":1,"1":1,"2":1,"3":2,"4":0,"5":0,"6":1,"7":1,"8":1,"9":1,"10":1,"11":1,"12":2,"13":2},"b":{"0":[1],"1":[1],"2":[0],"3":[0],"4":[1,0],"5":[1,0],"6":[1,0],"7":[1,0],"8":[1],"9":[0],"10":[1],"11":[0],"12":[1,0],"13":[1,0],"14":[1,0,0],"15":[0],"16":[0],"17":[0],"18":[1,0],"19":[1,0]}}
[...]
"column":14}},"18":{"start":{"line":45,"column":13},"end":{"line":45,"column":45}},"19":{"start":{"line":51,"column":44},"end":{"line":70,"column":1}},"20":{"start":{"line":57,"column":18},"end":{"line":61,"column":8}},"21":{"start":{"line":60,"column":47},"end":{"line":60,"column":58}},"22":{"start":{"line":63,"column":15},"end":{"line":68,"column":4}},"23":{"start":{"line":69,"column":2},"end":{"line":69,"column":14}},"24":{"start":{"line":51,"column":13},"end":{"line":51,"column":44}},"25":{"start":{"line":72,"column":44},"end":{"line":88,"column":1}},"26":{"start":{"line":76,"column":43},"end":{"line":76,"column":45}},"27":{"start":{"line":77,"column":2},"end":{"line":77,"column":75}},"28":{"start":{"line":77,"column":40},"end":{"line":77,"column":75}},"29":{"start":{"line":78,"column":2},"end":{"line":78,"column":84}},"30":{"start":{"line":78,"column":43},"end":{"line":78,"column":84}},"31":{"start":{"line":79,"column":2},"end":{"line":79,"column":96}},"32":{"start":{"line":79,"column":47},"end":{"line":79,"column":96}},"33":{"start":{"line":80,"column":2},"end":{"line":80,"column":115}},"34":{"start":{"line":80,"column":38},"end":{"line":80,"column":115}},"35":{"start":{"line":80,"column":86},"end":{"line":80,"column":97}},"36":{"start":{"line":81,"column":2},"end":{"line":83,"column":3}},"37":{"start":{"line":82,"column":4},"end":{"line":82,"column":92}},"38":{"start":{"line":82,"column":63},"end":{"line":82,"column":74}},"39":{"start":{"line":85,"column":15},"end":{"line":85,"column":91}},"40":{"start":{"line":86,"column":2},"end":{"line":86,"column":53}},"41":{"start":{"line":86,"column":13},"end":{"line":86,"column":53}},"42":{"start":{"line":87,"column":2},"end":{"line":87,"column":14}},"43":{"start":{"line":72,"column":13},"end":{"line":72,"column":44}},"44":{"start":{"line":90,"column":44},"end":{"line":94,"column":1}},"45":{"start":{"line":91,"column":18},"end":{"line":91,"column":56}},"46":{"start":{"line":92,"column":2},"end":{"line":92,"column":56}},"47":{"start":{"line":92,"column":16},"end":{"line":92,"column":56}},"48":{"start":{"line":93,"column":2},"end":{"line":93,"column":17}},"49":{"start":{"line":90,"column":13},"end":{"line":90,"column":44}}},"fnMap":{"0":{"name":"(anonymous_0)","decl":{"start":{"line":4,"column":44},"end":{"line":4,"column":49}},"loc":{"start":{"line":9,"column":5},"end":{"line":43,"column":1}}},"1":{"name":"(anonymous_1)","decl":{"start":{"line":45,"column":45},"end":{"line":45,"column":50}},"loc":{"start":{"line":45,"column":66},"end":{"line":49,"column":1}}},"2":{"name":"(anonymous_2)","decl":{"start":{"line":51,"column":44},"end":{"line":51,"column":49}},"loc":{"start":{"line":56,"column":5},"end":{"line":70,"column":1}}},"3":{"name":"(anonymous_3)","decl":{"start":{"line":60,"column":37},"end":{"line":60,"column":38}},"loc":{"start":{"line":60,"column":47},"end":{"line":60,"column":58}}},"4":{"name":"(anonymous_4)","decl":{"start":{"line":72,"column":44},"end":{"line":72,"column":49}},"loc":{"start":{"line":75,"column":4},"end":{"line":88,"column":1}}},"5":{"name":"(anonymous_5)","decl":{"start":{"line":80,"column":76},"end":{"line":80,"column":77}},"loc":{"start":{"line":80,"column":86},"end":{"line":80,"column":97}}},"6":{"name":"(anonymous_6)","decl":{"start":{"line":82,"column":53},"end":{"line":82,"column":54}},"loc":{"start":{"line":82,"column":63},"end":{"line":82,"column":74}}},"7":{"name":"(anonymous_7)","decl":{"start":{"line":90,"column":44},"end":{"line":90,"column":49}},"loc":{"start":{"line":90,"column":65},"end":{"line":94,"column":1}}}},"branchMap":{"0":{"loc":{"start":{"line":13,"column":2},"end":{"line":15,"column":3}},"type":"if","locations":[{"start":{"line":13,"column":2},"end":{"line":15,"column":3}}]},"1":{"loc":{"start":{"line":18,"column":2},"end":{"line":27,"column":3}},"type":"if","locations":[{"start":{"line":18,"column":2},"end":{"line":27,"column":3}}]},"2":{"loc":{"start":{"line":47,"column":2},"end":{"line":47,"column":53}},"type":"if","locations":[{"start":{"line":47,"column":2},"end":{"line":47,"column":53}}]},"3":{"loc":{"start":{"line":57,"column":18},"end":{"line":61,"column":8}},"type":"cond-expr","locations":[{"start":{"line":58,"column":6},"end":{"line":58,"column":21}},{"start":{"line":59,"column":6},"end":{"line":61,"column":8}}]},"4":{"loc":{"start":{"line":59,"column":6},"end":{"line":61,"column":8}},"type":"cond-expr","locations":[{"start":{"line":60,"column":6},"end":{"line":60,"column":75}},{"start":{"line":61,"column":6},"end":{"line":61,"column":8}}]},"5":{"loc":{"start":{"line":67,"column":17},"end":{"line":67,"column":57}},"type":"binary-expr","locations":[{"start":{"line":67,"column":17},"end":{"line":67,"column":44}},{"start":{"line":67,"column":48},"end":{"line":67,"column":57}}]},"6":{"loc":{"start":{"line":77,"column":2},"end":{"line":77,"column":75}},"type":"if","locations":[{"start":{"line":77,"column":2},"end":{"line":77,"column":75}}]},"7":{"loc":{"start":{"line":78,"column":2},"end":{"line":78,"column":84}},"type":"if","locations":[{"start":{"line":78,"column":2},"end":{"line":78,"column":84}}]},"8":{"loc":{"start":{"line":79,"column":2},"end":{"line":79,"column":96}},"type":"if","locations":[{"start":{"line":79,"column":2},"end":{"line":79,"column":96}}]},"9":{"loc":{"start":{"line":80,"column":2},"end":{"line":80,"column":115}},"type":"if","locations":[{"start":{"line":80,"column":2},"end":{"line":80,"column":115}}]},"10":{"loc":{"start":{"line":81,"column":2},"end":{"line":83,"column":3}},"type":"if","locations":[{"start":{"line":81,"column":2},"end":{"line":83,"column":3}}]},"11":{"loc":{"start":{"line":86,"column":2},"end":{"line":86,"column":53}},"type":"if","locations":[{"start":{"line":86,"column":2},"end":{"line":86,"column":53}}]},"12":{"loc":{"start":{"line":92,"column":2},"end":{"line":92,"column":56}},"type":"if","locations":[{"start":{"line":92,"column":2},"end":{"line":92,"column":56}}]}},"s":{"0":8,"1":8,"2":8,"3":1,"4":1,"5":1,"6":1,"7":1,"8":1,"9":1,"10":1,"11":1,"12":8,"13":8,"14":2,"15":2,"16":1,"17":1,"18":8,"19":8,"20":1,"21":2,"22":1,"23":1,"24":8,"25":8,"26":2,"27":2,"28":1,"29":2,"30":1,"31":2,"32":1,"33":2,"34":1,"35":2,"36":2,"37":0,"38":0,"39":2,"40":2,"41":1,"42":1,"43":8,"44":8,"45":2,"46":2,"47":1,"48":1,"49":8},"f":{"0":1,"1":2,"2":1,"3":2,"4":2,"5":2,"6":0,"7":2},"b":{"0":[1],"1":[1],"2":[1],"3":[0,1],"4":[1,0],"5":[1,0],"6":[1],"7":[1],"8":[1],"9":[1],"10":[0],"11":[1],"12":[1]}}
,"C:\\Users\\Acer\\OneDrive - Softwarica College\\Desktop\\UNIGUIDE\\backend\\src\\services\\admin\\user.service.ts": {"path":"C:\\Users\\Acer\\OneDrive - Softwarica College\\Desktop\\UNIGUIDE\\backend\\src\\services\\admin\\user.service.ts","statementMap":{"0":{"start":{"line":1,"column":0},"end":{"line":1,"column":28}},"1":{"start":{"line":2,"column":0},"end":{"line":2,"column":47}},"2":{"start":{"line":3,"column":0},"end":{"line":3,"column":69}},"3":{"start":{"line":5,"column":37},"end":{"line":41,"column":1}},"4":{"start":{"line":11,"column":32},"end":{"line":11,"column":69}},"5":{"start":{"line":12,"column":42},"end":{"line":12,"column":44}},"6":{"start":{"line":14,"column":2},"end":{"line":16,"column":3}},"7":{"start":{"line":15,"column":4},"end":{"line":15,"column":36}},"8":{"start":{"line":18,"column":22},"end":{"line":18,"column":52}},"9":{"start":{"line":19,"column":2},"end":{"line":21,"column":3}},"10":{"start":{"line":20,"column":4},"end":{"line":20,"column":93}},"11":{"start":{"line":23,"column":25},"end":{"line":30,"column":4}},"12":{"start":{"line":32,"column":2},"end":{"line":40,"column":4}},"13":{"start":{"line":5,"column":13},"end":{"line":5,"column":37}},"14":{"start":{"line":43,"column":39},"end":{"line":47,"column":1}},"15":{"start":{"line":44,"column":15},"end":{"line":44,"column":100}},"16":{"start":{"line":45,"column":2},"end":{"line":45,"column":47}},"17":{"start":{"line":45,"column":13},"end":{"line":45,"column":47}},"18":{"start":{"line":46,"column":2},"end":{"line":46,"column":14}},"19":{"start":{"line":43,"column":13},"end":{"line":43,"column":39}},"20":{"start":{"line":49,"column":42},"end":{"line":70,"column":1}},"21":{"start":{"line":53,"column":43},"end":{"line":53,"column":45}},"22":{"start":{"line":54,"column":2},"end":{"line":54,"column":87}},"23":{"start":{"line":54,"column":44},"end":{"line":54,"column":87}},"24":{"start":{"line":55,"column":2},"end":{"line":55,"column":92}},"25":{"start":{"line":55,"column":41},"end":{"line":55,"column":92}},"26":{"start":{"line":56,"column":2},"end":{"line":56,"column":78}},"27":{"start":{"line":56,"column":41},"end":{"line":56,"column":78}},"28":{"start":{"line":57,"column":2},"end":{"line":57,"column":84}},"29":{"start":{"line":57,"column":43},"end":{"line":57,"column":84}},"30":{"start":{"line":58,"column":2},"end":{"line":58,"column":72}},"31":{"start":{"line":58,"column":39},"end":{"line":58,"column":72}},"32":{"start":{"line":59,"column":2},"end":{"line":59,"column":87}},"33":{"start":{"line":59,"column":59},"end":{"line":59,"column":87}},"34":{"start":{"line":61,"column":2},"end":{"line":63,"column":3}},"35":{"start":{"line":62,"column":4},"end":{"line":62,"column":70}},"36":{"start":{"line":65,"column":15},"end":{"line":66,"column":null}},"37":{"start":{"line":68,"column":2},"end":{"line":68,"column":47}},"38":{"start":{"line":68,"column":13},"end":{"line":68,"column":47}},"39":{"start":{"line":69,"column":2},"end":{"line":69,"column":14}},"40":{"start":{"line":49,"column":13},"end":{"line":49,"column":42}},"41":{"start":{"line":72,"column":42},"end":{"line":76,"column":1}},"42":{"start":{"line":73,"column":18},"end":{"line":73,"column":50}},"43":{"start":{"line":74,"column":2},"end":{"line":74,"column":50}},"44":{"start":{"line":74,"column":16},"end":{"line":74,"column":50}},"45":{"start":{"line":75,"column":2},"end":{"line":75,"column":17}},"46":{"start":{"line":72,"column":13},"end":{"line":72,"column":42}}},"fnMap":{"0":{"name":"(anonymous_1)","decl":{"start":{"line":5,"column":37},"end":{"line":5,"column":42}},"loc":{"start":{"line":10,"column":5},"end":{"line":41,"column":1}}},"1":{"name":"(anonymous_2)","decl":{"start":{"line":43,"column":39},"end":{"line":43,"column":44}},"loc":{"start":{"line":43,"column":60},"end":{"line":47,"column":1}}},"2":{"name":"(anonymous_3)","decl":{"start":{"line":49,"column":42},"end":{"line":49,"column":47}},"loc":{"start":{"line":52,"column":4},"end":{"line":70,"column":1}}},"3":{"name":"(anonymous_4)","decl":{"start":{"line":72,"column":42},"end":{"line":72,"column":47}},"loc":{"start":{"line":72,"column":63},"end":{"line":76,"column":1}}}},"branchMap":{"0":{"loc":{"start":{"line":14,"column":2},"end":{"line":16,"column":3}},"type":"if","locations":[{"start":{"line":14,"column":2},"end":{"line":16,"column":3}}]},"1":{"loc":{"start":{"line":19,"column":2},"end":{"line":21,"column":3}},"type":"if","locations":[{"start":{"line":19,"column":2},"end":{"line":21,"column":3}}]},"2":{"loc":{"start":{"line":45,"column":2},"end":{"line":45,"column":47}},"type":"if","locations":[{"start":{"line":45,"column":2},"end":{"line":45,"column":47}}]},"3":{"loc":{"start":{"line":54,"column":2},"end":{"line":54,"column":87}},"type":"if","locations":[{"start":{"line":54,"column":2},"end":{"line":54,"column":87}}]},"4":{"loc":{"start":{"line":55,"column":2},"end":{"line":55,"column":92}},"type":"if","locations":[{"start":{"line":55,"column":2},"end":{"line":55,"column":92}}]},"5":{"loc":{"start":{"line":56,"column":2},"end":{"line":56,"column":78}},"type":"if","locations":[{"start":{"line":56,"column":2},"end":{"line":56,"column":78}}]},"6":{"loc":{"start":{"line":57,"column":2},"end":{"line":57,"column":84}},"type":"if","locations":[{"start":{"line":57,"column":2},"end":{"line":57,"column":84}}]},"7":{"loc":{"start":{"line":58,"column":2},"end":{"line":58,"column":72}},"type":"if","locations":[{"start":{"line":58,"column":2},"end":{"line":58,"column":72}}]},"8":{"loc":{"start":{"line":59,"column":2},"end":{"line":59,"column":87}},"type":"if","locations":[{"start":{"line":59,"column":2},"end":{"line":59,"column":87}}]},"9":{"loc":{"start":{"line":59,"column":6},"end":{"line":59,"column":57}},"type":"binary-expr","locations":[{"start":{"line":59,"column":6},"end":{"line":59,"column":29}},{"start":{"line":59,"column":33},"end":{"line":59,"column":57}}]},"10":{"loc":{"start":{"line":61,"column":2},"end":{"line":63,"column":3}},"type":"if","locations":[{"start":{"line":61,"column":2},"end":{"line":63,"column":3}}]},"11":{"loc":{"start":{"line":61,"column":6},"end":{"line":61,"column":69}},"type":"binary-expr","locations":[{"start":{"line":61,"column":6},"end":{"line":61,"column":42}},{"start":{"line":61,"column":46},"end":{"line":61,"column":69}}]},"12":{"loc":{"start":{"line":68,"column":2},"end":{"line":68,"column":47}},"type":"if","locations":[{"start":{"line":68,"column":2},"end":{"line":68,"column":47}}]},"13":{"loc":{"start":{"line":74,"column":2},"end":{"line":74,"column":50}},"type":"if","locations":[{"start":{"line":74,"column":2},"end":{"line":74,"column":50}}]}},"s":{"0":8,"1":8,"2":8,"3":8,"4":1,"5":1,"6":1,"7":1,"8":1,"9":1,"10":1,"11":1,"12":1,"13":8,"14":8,"15":2,"16":2,"17":1,"18":1,"19":8,"20":8,"21":2,"22":2,"23":1,"24":2,"25":1,"26":2,"27":1,"28":2,"29":1,"30":2,"31":1,"32":2,"33":1,"34":2,"35":1,"36":2,"37":2,"38":1,"39":1,"40":8,"41":8,"42":2,"43":2,"44":1,"45":1,"46":8},"f":{"0":1,"1":2,"2":2,"3":2},"b":{"0":[1],"1":[1],"2":[1],"3":[1],"4":[1],"5":[1],"6":[1],"7":[1],"8":[1],"9":[2,2],"10":[1],"11":[2,1],"12":[1],"13":[1]}}
,"C:\\Users\\Acer\\OneDrive - Softwarica College\\Desktop\\UNIGUIDE\\backend\\src\\utils\\helpers.ts": {"path":"C:\\Users\\Acer\\OneDrive - Softwarica College\\Desktop\\UNIGUIDE\\backend\\src\\utils\\helpers.ts","statementMap":{"0":{"start":{"line":1,"column":0},"end":{"line":1,"column":29}},"1":{"start":{"line":3,"column":29},"end":{"line":3,"column":74}},"2":{"start":{"line":3,"column":48},"end":{"line":3,"column":74}},"3":{"start":{"line":3,"column":13},"end":{"line":3,"column":29}},"4":{"start":{"line":5,"column":28},"end":{"line":10,"column":1}},"5":{"start":{"line":6,"column":19},"end":{"line":6,"column":49}},"6":{"start":{"line":7,"column":20},"end":{"line":7,"column":67}},"7":{"start":{"line":8,"column":15},"end":{"line":8,"column":41}},"8":{"start":{"line":9,"column":2},"end":{"line":9,"column":52}},"9":{"start":{"line":5,"column":13},"end":{"line":5,"column":28}},"10":{"start":{"line":12,"column":32},"end":{"line":16,"column":1}},"11":{"start":{"line":13,"column":2},"end":{"line":13,"column":43}},"12":{"start":{"line":13,"column":31},"end":{"line":13,"column":43}},"13":{"start":{"line":14,"column":18},"end":{"line":14,"column":62}},"14":{"start":{"line":15,"column":2},"end":{"line":15,"column":34}},"15":{"start":{"line":12,"column":13},"end":{"line":12,"column":32}},"16":{"start":{"line":18,"column":27},"end":{"line":21,"column":1}},"17":{"start":{"line":19,"column":18},"end":{"line":19,"column":50}},"18":{"start":{"line":20,"column":2},"end":{"line":20,"column":17}},"19":{"start":{"line":18,"column":13},"end":{"line":18,"column":27}}},"fnMap":{"0":{"name":"(anonymous_1)","decl":{"start":{"line":3,"column":29},"end":{"line":3,"column":30}},"loc":{"start":{"line":3,"column":48},"end":{"line":3,"column":74}}},"1":{"name":"(anonymous_2)","decl":{"start":{"line":5,"column":28},"end":{"line":5,"column":29}},"loc":{"start":{"line":5,"column":80},"end":{"line":10,"column":1}}},"2":{"name":"(anonymous_3)","decl":{"start":{"line":12,"column":32},"end":{"line":12,"column":33}},"loc":{"start":{"line":12,"column":51},"end":{"line":16,"column":1}}},"3":{"name":"(anonymous_4)","decl":{"start":{"line":18,"column":27},"end":{"line":18,"column":32}},"loc":{"start":{"line":18,"column":50},"end":{"line":21,"column":1}}}},"branchMap":{"0":{"loc":{"start":{"line":6,"column":31},"end":{"line":6,"column":48}},"type":"binary-expr","locations":[{"start":{"line":6,"column":31},"end":{"line":6,"column":43}},{"start":{"line":6,"column":47},"end":{"line":6,"column":48}}]},"1":{"loc":{"start":{"line":7,"column":46},"end":{"line":7,"column":65}},"type":"binary-expr","locations":[{"start":{"line":7,"column":46},"end":{"line":7,"column":59}},{"start":{"line":7,"column":63},"end":{"line":7,"column":65}}]},"2":{"loc":{"start":{"line":13,"column":2},"end":{"line":13,"column":43}},"type":"if","locations":[{"start":{"line":13,"column":2},"end":{"line":13,"column":43}}]},"3":{"loc":{"start":{"line":13,"column":6},"end":{"line":13,"column":29}},"type":"binary-expr","locations":[{"start":{"line":13,"column":6},"end":{"line":13,"column":12}},{"start":{"line":13,"column":16},"end":{"line":13,"column":29}}]}},"s":{"0":9,"1":9,"2":1,"3":9,"4":9,"5":6,"6":6,"7":6,"8":6,"9":9,"10":9,"11":6,"12":1,"13":5,"14":5,"15":9,"16":9,"17":1,"18":1,"19":9},"f":{"0":1,"1":6,"2":6,"3":1},"b":{"0":[6,1],"1":[6,1],"2":[1],"3":[6,6]}}
,"C:\\Users\\Acer\\OneDrive - Softwarica College\\Desktop\\UNIGUIDE\\backend\\src\\utils\\mailer.ts": {"path":"C:\\Users\\Acer\\OneDrive - Softwarica College\\Desktop\\UNIGUIDE\\backend\\src\\utils\\mailer.ts","statementMap":{"0":{"start":{"line":1,"column":0},"end":{"line":1,"column":36}},"1":{"start":{"line":2,"column":0},"end":{"line":2,"column":110}},"2":{"start":{"line":4,"column":27},"end":{"line":6,"column":1}},"3":{"start":{"line":5,"column":2},"end":{"line":5,"column":80}},"4":{"start":{"line":8,"column":49},"end":{"line":8,"column":53}},"5":{"start":{"line":10,"column":23},"end":{"line":23,"column":1}},"6":{"start":{"line":11,"column":2},"end":{"line":21,"column":3}},"7":{"start":{"line":12,"column":4},"end":{"line":20,"column":7}},"8":{"start":{"line":22,"column":2},"end":{"line":22,"column":21}},"9":{"start":{"line":25,"column":38},"end":{"line":52,"column":1}},"10":{"start":{"line":26,"column":2},"end":{"line":33,"column":3}},"11":{"start":{"line":27,"column":20},"end":{"line":27,"column":87}},"12":{"start":{"line":28,"column":4},"end":{"line":30,"column":5}},"13":{"start":{"line":29,"column":6},"end":{"line":29,"column":50}},"14":{"start":{"line":31,"column":4},"end":{"line":31,"column":25}},"15":{"start":{"line":32,"column":4},"end":{"line":32,"column":11}},"16":{"start":{"line":35,"column":15},"end":{"line":44,"column":4}},"17":{"start":{"line":46,"column":2},"end":{"line":51,"column":5}},"18":{"start":{"line":25,"column":13},"end":{"line":25,"column":38}}},"fnMap":{"0":{"name":"(anonymous_1)","decl":{"start":{"line":4,"column":27},"end":{"line":4,"column":30}},"loc":{"start":{"line":4,"column":32},"end":{"line":6,"column":1}}},"1":{"name":"(anonymous_2)","decl":{"start":{"line":10,"column":23},"end":{"line":10,"column":26}},"loc":{"start":{"line":10,"column":28},"end":{"line":23,"column":1}}},"2":{"name":"(anonymous_3)","decl":{"start":{"line":25,"column":38},"end":{"line":25,"column":43}},"loc":{"start":{"line":25,"column":78},"end":{"line":52,"column":1}}}},"branchMap":{"0":{"loc":{"start":{"line":5,"column":17},"end":{"line":5,"column":78}},"type":"binary-expr","locations":[{"start":{"line":5,"column":17},"end":{"line":5,"column":26}},{"start":{"line":5,"column":30},"end":{"line":5,"column":39}},{"start":{"line":5,"column":43},"end":{"line":5,"column":52}},{"start":{"line":5,"column":56},"end":{"line":5,"column":65}},{"start":{"line":5,"column":69},"end":{"line":5,"column":78}}]},"1":{"loc":{"start":{"line":11,"column":2},"end":{"line":21,"column":3}},"type":"if","locations":[{"start":{"line":11,"column":2},"end":{"line":21,"column":3}}]},"2":{"loc":{"start":{"line":26,"column":2},"end":{"line":33,"column":3}},"type":"if","locations":[{"start":{"line":26,"column":2},"end":{"line":33,"column":3}}]},"3":{"loc":{"start":{"line":28,"column":4},"end":{"line":30,"column":5}},"type":"if","locations":[{"start":{"line":28,"column":4},"end":{"line":30,"column":5}}]}},"s":{"0":12,"1":12,"2":12,"3":5,"4":12,"5":12,"6":3,"7":2,"8":3,"9":12,"10":5,"11":2,"12":2,"13":1,"14":1,"15":1,"16":3,"17":3,"18":12},"f":{"0":5,"1":3,"2":5},"b":{"0":[5,3,3,3,3],"1":[2],"2":[2],"3":[1]}}
}
