TN:
SF:src\config\index.ts
FN:5,(anonymous_1)
FN:10,(anonymous_2)
FN:22,(anonymous_3)
FNF:3
FNH:3
FNDA:140,(anonymous_1)
FNDA:35,(anonymous_2)
FNDA:136,(anonymous_3)
DA:1,35
DA:3,35
DA:5,35
DA:6,140
DA:7,140
DA:10,35
DA:11,35
DA:18,35
DA:20,35
DA:22,136
DA:27,35
DA:28,35
DA:29,35
DA:30,35
DA:31,35
DA:32,35
DA:33,35
DA:34,35
DA:35,35
DA:36,35
DA:37,35
DA:38,35
DA:39,35
DA:40,35
DA:41,35
DA:42,35
DA:43,35
DA:45,35
DA:46,1
LF:29
LH:29
BRDA:6,0,0,140
BRDA:6,0,1,0
BRDA:7,1,0,140
BRDA:7,1,1,0
BRDA:18,2,0,0
BRDA:27,3,0,35
BRDA:27,3,1,0
BRDA:29,4,0,35
BRDA:29,4,1,0
BRDA:31,5,0,35
BRDA:31,5,1,0
BRDA:32,6,0,35
BRDA:32,6,1,0
BRDA:32,7,0,0
BRDA:32,7,1,0
BRDA:37,8,0,35
BRDA:37,8,1,0
BRDA:38,9,0,35
BRDA:38,9,1,2
BRDA:41,10,0,35
BRDA:41,10,1,2
BRDA:42,11,0,35
BRDA:42,11,1,2
BRDA:43,12,0,35
BRDA:43,12,1,2
BRDA:45,13,0,1
BRDA:45,14,0,35
BRDA:45,14,1,2
BRDA:45,14,2,2
BRF:29
BRH:19
end_of_record
TN:
SF:src\database\mongodb.ts
FN:4,cleanupLegacyUserIndexes
FN:12,(anonymous_2)
FN:28,connectDatabase
FN:40,connectDatabaseTest
FNF:4
FNH:3
FNDA:23,cleanupLegacyUserIndexes
FNDA:46,(anonymous_2)
FNDA:23,connectDatabase
FNDA:0,connectDatabaseTest
DA:1,23
DA:2,23
DA:5,23
DA:6,23
DA:7,23
DA:9,23
DA:10,46
DA:11,46
DA:12,46
DA:13,46
DA:14,46
DA:15,46
DA:18,46
DA:19,0
DA:20,0
DA:24,0
DA:28,23
DA:29,23
DA:30,23
DA:31,23
DA:32,23
DA:34,0
DA:35,0
DA:40,23
DA:41,0
DA:42,0
DA:43,0
DA:44,0
DA:46,0
DA:47,0
LF:30
LH:19
BRDA:10,0,0,46
BRDA:10,0,1,0
BRDA:11,1,0,46
BRDA:11,1,1,0
BRDA:13,2,0,46
BRDA:13,2,1,46
BRDA:14,3,0,46
BRDA:14,3,1,46
BRDA:18,4,0,0
BRDA:18,5,0,46
BRDA:18,5,1,23
BRDA:18,5,2,23
BRDA:18,5,3,0
BRF:13
BRH:9
end_of_record
TN:
SF:src\dtos\user.dto.ts
FN:8,(anonymous_0)
FN:11,(anonymous_1)
FN:20,(anonymous_2)
FN:24,(anonymous_3)
FN:35,(anonymous_4)
FNF:5
FNH:5
FNDA:3,(anonymous_0)
FNDA:1,(anonymous_1)
FNDA:3,(anonymous_2)
FNDA:3,(anonymous_3)
FNDA:3,(anonymous_4)
DA:1,9
DA:3,9
DA:8,3
DA:11,1
DA:19,9
DA:20,3
DA:24,3
DA:32,9
DA:35,3
LF:9
LH:9
BRDA:24,0,0,3
BRDA:24,0,1,2
BRF:2
BRH:2
end_of_record
TN:
SF:src\error\http-error.ts
FN:6,(anonymous_0)
FNF:1
FNH:1
FNDA:1,(anonymous_0)
DA:3,11
DA:7,1
DA:8,1
DA:11,1
LF:4
LH:4
BRDA:6,0,0,0
BRF:1
BRH:0
end_of_record
TN:
SF:src\middlewares\auth.middleware.ts
FN:6,(anonymous_1)
FN:13,(anonymous_2)
FN:14,(anonymous_3)
FNF:3
FNH:3
FNDA:5,(anonymous_1)
FNDA:6,(anonymous_2)
FNDA:5,(anonymous_3)
DA:2,5
DA:3,5
DA:6,5
DA:7,5
DA:8,5
DA:9,5
DA:11,5
DA:13,6
DA:14,5
DA:16,5
DA:17,5
DA:18,1
DA:21,4
DA:22,4
DA:23,3
DA:24,3
DA:26,1
LF:17
LH:17
BRDA:8,0,0,3
BRDA:8,0,1,2
BRDA:9,1,0,5
BRDA:9,1,1,3
BRDA:11,2,0,5
BRDA:11,2,1,3
BRDA:16,3,0,5
BRDA:16,3,1,2
BRDA:17,4,0,1
BRF:9
BRH:9
end_of_record
TN:
SF:src\middlewares\error.middleware.ts
FN:5,(anonymous_0)
FNF:1
FNH:1
FNDA:3,(anonymous_0)
DA:3,11
DA:5,11
DA:6,3
DA:8,3
DA:9,1
DA:13,2
DA:14,1
DA:18,1
DA:19,0
DA:23,1
LF:10
LH:9
BRDA:8,0,0,1
BRDA:13,1,0,1
BRDA:18,2,0,0
BRDA:18,3,0,1
BRDA:18,3,1,1
BRDA:23,4,0,1
BRDA:23,4,1,0
BRF:7
BRH:5
end_of_record
TN:
SF:src\middlewares\security.middleware.ts
FN:11,(anonymous_0)
FN:13,(anonymous_1)
FN:15,(anonymous_2)
FN:17,(anonymous_3)
FN:25,(anonymous_4)
FNF:5
FNH:5
FNDA:274,(anonymous_0)
FNDA:274,(anonymous_1)
FNDA:316,(anonymous_2)
FNDA:53,(anonymous_3)
FNDA:316,(anonymous_4)
DA:2,15
DA:9,15
DA:11,274
DA:13,274
DA:15,316
DA:17,15
DA:18,53
DA:19,53
DA:20,53
DA:21,53
DA:22,53
DA:25,15
DA:26,316
DA:27,42
DA:30,274
DA:31,274
DA:32,274
DA:34,274
DA:35,6
DA:36,6
DA:39,268
DA:40,268
DA:42,268
DA:43,10
DA:44,10
DA:45,10
DA:51,258
LF:27
LH:27
BRDA:13,0,0,274
BRDA:13,0,1,0
BRDA:13,0,2,0
BRDA:26,1,0,42
BRDA:34,2,0,6
BRDA:34,3,0,274
BRDA:34,3,1,268
BRDA:42,4,0,10
BRF:8
BRH:6
end_of_record
TN:
SF:src\middlewares\upload.middleware.ts
FN:11,(anonymous_1)
FN:15,(anonymous_2)
FN:23,(anonymous_3)
FNF:3
FNH:0
FNDA:0,(anonymous_1)
FNDA:0,(anonymous_2)
FNDA:0,(anonymous_3)
DA:2,9
DA:4,9
DA:5,9
DA:7,9
DA:10,9
DA:12,0
DA:13,0
DA:16,0
DA:17,0
DA:18,0
DA:23,9
DA:24,0
DA:27,0
DA:28,0
DA:29,0
DA:32,0
DA:33,0
DA:34,0
DA:35,0
DA:37,0
DA:38,0
DA:41,0
DA:45,9
LF:23
LH:7
BRDA:24,0,0,0
BRDA:24,0,1,0
BRDA:27,1,0,0
BRDA:27,2,0,0
BRDA:27,2,1,0
BRDA:32,3,0,0
BRDA:32,3,1,0
BRDA:34,4,0,0
BRDA:34,4,1,0
BRDA:37,5,0,0
BRDA:37,5,1,0
BRDA:37,6,0,0
BRDA:37,6,1,0
BRF:13
BRH:0
end_of_record
TN:
SF:src\services\auth.service.ts
FN:9,(anonymous_1)
FN:16,(anonymous_2)
FN:25,(anonymous_3)
FN:53,(anonymous_4)
FN:72,(anonymous_5)
FN:78,(anonymous_6)
FN:97,(anonymous_7)
FN:121,(anonymous_8)
FNF:8
FNH:6
FNDA:2,(anonymous_1)
FNDA:2,(anonymous_2)
FNDA:2,(anonymous_3)
FNDA:2,(anonymous_4)
FNDA:0,(anonymous_5)
FNDA:0,(anonymous_6)
FNDA:2,(anonymous_7)
FNDA:1,(anonymous_8)
DA:1,9
DA:2,9
DA:3,9
DA:4,9
DA:5,9
DA:7,9
DA:9,9
DA:10,2
DA:12,2
DA:13,0
DA:16,9
DA:17,2
DA:18,2
DA:19,2
DA:21,2
DA:25,9
DA:26,2
DA:27,2
DA:29,2
DA:30,2
DA:32,2
DA:33,2
DA:35,1
DA:37,1
DA:45,1
DA:47,1
DA:49,1
DA:53,9
DA:54,2
DA:55,2
DA:56,2
DA:58,2
DA:59,2
DA:61,1
DA:62,1
DA:63,0
DA:64,0
DA:67,0
DA:69,0
DA:72,9
DA:73,0
DA:74,0
DA:75,0
DA:78,9
DA:89,0
DA:93,0
DA:94,0
DA:97,9
DA:98,2
DA:99,2
DA:100,2
DA:101,1
DA:104,1
DA:105,1
DA:107,1
DA:108,1
DA:109,1
DA:111,1
DA:112,1
DA:114,1
DA:115,1
DA:118,0
DA:121,9
DA:122,1
DA:124,1
DA:129,1
DA:131,0
DA:132,0
DA:133,0
DA:134,0
DA:136,0
LF:71
LH:54
BRDA:12,0,0,2
BRDA:19,1,0,0
BRDA:21,2,0,0
BRDA:21,2,1,2
BRDA:33,3,0,1
BRDA:59,4,0,1
BRDA:62,5,0,1
BRDA:63,6,0,0
BRDA:63,7,0,0
BRDA:63,7,1,0
BRDA:64,8,0,0
BRDA:64,8,1,0
BRDA:74,9,0,0
BRDA:93,10,0,0
BRDA:100,11,0,1
BRDA:114,12,0,1
BRDA:129,13,0,1
BRF:17
BRH:8
end_of_record
TN:
SF:src\services\course.service.ts
FN:3,(anonymous_0)
FN:5,(anonymous_1)
FN:8,(anonymous_2)
FN:9,(anonymous_3)
FN:12,(anonymous_4)
FN:15,(anonymous_5)
FN:21,(anonymous_6)
FN:30,(anonymous_7)
FN:33,(anonymous_8)
FN:39,(anonymous_9)
FN:45,(anonymous_10)
FN:45,(anonymous_11)
FN:46,(anonymous_12)
FN:49,(anonymous_13)
FNF:14
FNH:14
FNDA:15,(anonymous_0)
FNDA:4,(anonymous_1)
FNDA:5,(anonymous_2)
FNDA:11,(anonymous_3)
FNDA:7,(anonymous_4)
FNDA:1,(anonymous_5)
FNDA:1,(anonymous_6)
FNDA:2,(anonymous_7)
FNDA:3,(anonymous_8)
FNDA:2,(anonymous_9)
FNDA:6,(anonymous_10)
FNDA:7,(anonymous_11)
FNDA:3,(anonymous_12)
FNDA:1,(anonymous_13)
DA:1,7
DA:3,15
DA:5,7
DA:6,4
DA:9,11
DA:12,7
DA:15,7
DA:16,1
DA:17,1
DA:21,7
DA:22,1
DA:23,1
DA:24,1
DA:25,1
DA:26,1
DA:30,7
DA:31,2
DA:32,2
DA:33,3
DA:34,2
DA:35,1
DA:39,7
DA:40,2
DA:41,2
DA:42,2
DA:45,7
DA:46,3
DA:49,1
DA:50,2
DA:51,1
LF:30
LH:30
BRDA:9,0,0,5
BRDA:9,0,1,0
BRDA:34,1,0,1
BRDA:45,2,0,6
BRDA:45,2,1,6
BRDA:46,3,0,3
BRDA:46,3,1,0
BRDA:50,4,0,1
BRF:8
BRH:6
end_of_record
TN:
SF:src\services\recommendation.service.ts
FN:30,(anonymous_0)
FN:39,(anonymous_1)
FN:45,(anonymous_2)
FN:48,(anonymous_3)
FN:69,(anonymous_4)
FN:70,(anonymous_5)
FNF:6
FNH:6
FNDA:2,(anonymous_0)
FNDA:3,(anonymous_1)
FNDA:1,(anonymous_2)
FNDA:2,(anonymous_3)
FNDA:2,(anonymous_4)
FNDA:2,(anonymous_5)
DA:1,7
DA:30,7
DA:31,2
DA:32,2
DA:33,10
DA:35,2
DA:36,2
DA:39,7
DA:40,3
DA:41,3
DA:42,3
DA:45,7
DA:46,1
DA:48,1
DA:49,2
DA:51,2
DA:69,2
DA:70,2
DA:71,1
DA:73,1
DA:80,1
DA:86,1
LF:22
LH:22
BRDA:49,0,0,2
BRDA:49,0,1,1
BRDA:56,1,0,2
BRDA:56,1,1,1
BRDA:57,2,0,2
BRDA:57,2,1,1
BRDA:60,3,0,1
BRDA:60,3,1,1
BRDA:61,4,0,1
BRDA:61,4,1,1
BRDA:63,5,0,1
BRDA:63,5,1,1
BRDA:64,6,0,2
BRDA:64,6,1,1
BRDA:71,7,0,1
BRDA:71,7,1,0
BRF:16
BRH:15
end_of_record
TN:
SF:src\services\university.service.ts
FN:24,(anonymous_1)
FN:26,(anonymous_2)
FN:37,(anonymous_3)
FN:39,(anonymous_4)
FN:42,(anonymous_5)
FN:50,(anonymous_6)
FN:58,(anonymous_7)
FN:60,(anonymous_8)
FN:60,(anonymous_9)
FN:66,(anonymous_10)
FN:79,(anonymous_11)
FN:92,(anonymous_12)
FN:94,(anonymous_13)
FN:95,(anonymous_14)
FN:108,(anonymous_15)
FN:112,(anonymous_16)
FN:113,(anonymous_17)
FN:116,(anonymous_18)
FN:119,(anonymous_19)
FNF:19
FNH:17
FNDA:12,(anonymous_1)
FNDA:4,(anonymous_2)
FNDA:2,(anonymous_3)
FNDA:0,(anonymous_4)
FNDA:0,(anonymous_5)
FNDA:1,(anonymous_6)
FNDA:1,(anonymous_7)
FNDA:3,(anonymous_8)
FNDA:1,(anonymous_9)
FNDA:1,(anonymous_10)
FNDA:2,(anonymous_11)
FNDA:2,(anonymous_12)
FNDA:2,(anonymous_13)
FNDA:2,(anonymous_14)
FNDA:3,(anonymous_15)
FNDA:6,(anonymous_16)
FNDA:9,(anonymous_17)
FNDA:12,(anonymous_18)
FNDA:6,(anonymous_19)
DA:1,8
DA:2,8
DA:24,12
DA:26,8
DA:37,2
DA:39,0
DA:42,0
DA:50,8
DA:51,1
DA:52,1
DA:58,8
DA:59,1
DA:60,3
DA:66,8
DA:67,1
DA:68,1
DA:69,1
DA:70,1
DA:73,1
DA:79,8
DA:80,2
DA:81,2
DA:82,1
DA:84,2
DA:85,2
DA:86,1
DA:92,8
DA:93,2
DA:94,2
DA:95,2
DA:97,2
DA:98,2
DA:100,2
DA:101,1
DA:102,1
DA:108,8
DA:109,3
DA:110,3
DA:113,9
DA:116,12
DA:118,3
DA:119,6
DA:120,2
DA:121,1
DA:123,1
LF:45
LH:43
BRDA:27,0,0,4
BRDA:27,0,1,1
BRDA:29,1,0,4
BRDA:29,1,1,3
BRDA:30,2,0,4
BRDA:30,2,1,0
BRDA:31,3,0,4
BRDA:31,3,1,4
BRDA:32,4,0,4
BRDA:32,4,1,4
BRDA:33,5,0,4
BRDA:33,5,1,0
BRDA:34,6,0,4
BRDA:34,6,1,4
BRDA:35,7,0,4
BRDA:35,7,1,4
BRDA:36,8,0,4
BRDA:36,8,1,4
BRDA:37,9,0,4
BRDA:37,9,1,0
BRDA:38,10,0,0
BRDA:38,10,1,4
BRDA:41,11,0,0
BRDA:41,11,1,4
BRDA:44,12,0,0
BRDA:44,12,1,4
BRDA:45,13,0,1
BRDA:45,13,1,3
BRDA:46,14,0,1
BRDA:46,14,1,3
BRDA:47,15,0,4
BRDA:47,15,1,4
BRDA:81,16,0,1
BRDA:85,17,0,1
BRDA:97,18,0,1
BRDA:98,19,0,1
BRDA:100,20,0,1
BRDA:113,21,0,6
BRDA:113,21,1,0
BRDA:118,22,0,2
BRDA:120,23,0,1
BRF:41
BRH:34
end_of_record
TN:
SF:src\services\user.service.ts
FN:16,(anonymous_1)
FN:21,(anonymous_2)
FN:29,(anonymous_3)
FN:38,(anonymous_4)
FN:55,(anonymous_5)
FN:56,(anonymous_6)
FN:66,(anonymous_7)
FN:70,(anonymous_8)
FN:71,(anonymous_9)
FN:72,(anonymous_10)
FN:95,(anonymous_11)
FN:101,(anonymous_12)
FN:118,(anonymous_13)
FN:119,(anonymous_14)
FNF:14
FNH:12
FNDA:1,(anonymous_1)
FNDA:1,(anonymous_2)
FNDA:1,(anonymous_3)
FNDA:2,(anonymous_4)
FNDA:0,(anonymous_5)
FNDA:0,(anonymous_6)
FNDA:1,(anonymous_7)
FNDA:1,(anonymous_8)
FNDA:1,(anonymous_9)
FNDA:1,(anonymous_10)
FNDA:1,(anonymous_11)
FNDA:1,(anonymous_12)
FNDA:2,(anonymous_13)
FNDA:2,(anonymous_14)
DA:1,7
DA:2,7
DA:3,7
DA:4,7
DA:5,7
DA:16,7
DA:17,1
DA:21,7
DA:22,1
DA:23,1
DA:25,1
DA:29,7
DA:30,1
DA:38,7
DA:39,2
DA:40,2
DA:41,1
DA:43,1
DA:44,1
DA:45,0
DA:48,1
DA:50,1
DA:51,1
DA:55,1
DA:56,1
DA:57,1
DA:58,1
DA:59,1
DA:62,1
DA:66,7
DA:67,1
DA:68,1
DA:70,1
DA:71,1
DA:72,1
DA:73,1
DA:74,1
DA:75,1
DA:77,1
DA:78,0
DA:81,1
DA:85,1
DA:86,1
DA:87,1
DA:88,1
DA:89,1
DA:90,1
DA:93,1
DA:95,1
DA:101,7
DA:102,1
DA:103,1
DA:104,1
DA:106,1
DA:107,1
DA:108,0
DA:111,1
DA:113,1
DA:117,1
DA:118,2
DA:119,2
DA:121,1
DA:122,1
LF:63
LH:60
BRDA:22,0,0,1
BRDA:40,1,0,1
BRDA:41,2,0,0
BRDA:44,3,0,0
BRDA:50,4,0,1
BRDA:50,4,1,0
BRDA:50,5,0,1
BRDA:50,5,1,0
BRDA:51,6,0,1
BRDA:51,6,1,0
BRDA:52,7,0,1
BRDA:52,7,1,0
BRDA:57,8,0,1
BRDA:68,9,0,0
BRDA:74,10,0,1
BRDA:77,11,0,0
BRDA:81,12,0,1
BRDA:81,12,1,0
BRDA:88,13,0,1
BRDA:88,13,1,0
BRDA:95,14,0,1
BRDA:95,14,1,0
BRDA:95,14,2,0
BRDA:103,15,0,0
BRDA:104,16,0,0
BRDA:107,17,0,0
BRDA:113,18,0,1
BRDA:113,18,1,0
BRDA:114,19,0,1
BRDA:114,19,1,0
BRF:30
BRH:13
end_of_record
TN:
SF:src\services\admin\admin.service.ts
FN:6,(anonymous_1)
FN:38,(anonymous_2)
FNF:2
FNH:2
FNDA:4,(anonymous_1)
FNDA:3,(anonymous_2)
DA:1,7
DA:2,7
DA:3,7
DA:4,7
DA:6,7
DA:7,4
DA:8,4
DA:9,4
DA:10,1
DA:13,3
DA:14,1
DA:17,2
DA:18,2
DA:19,1
DA:22,1
DA:23,1
DA:38,7
DA:39,3
DA:40,3
DA:41,1
DA:43,2
DA:44,1
DA:46,1
LF:23
LH:23
BRDA:9,0,0,1
BRDA:13,1,0,1
BRDA:13,2,0,3
BRDA:13,2,1,1
BRDA:18,3,0,1
BRDA:40,4,0,1
BRDA:43,5,0,1
BRF:7
BRH:7
end_of_record
TN:
SF:src\services\admin\university.service.ts
FN:4,(anonymous_0)
FN:45,(anonymous_1)
FN:51,(anonymous_2)
FN:60,(anonymous_3)
FN:72,(anonymous_4)
FN:80,(anonymous_5)
FN:82,(anonymous_6)
FN:90,(anonymous_7)
FNF:8
FNH:7
FNDA:1,(anonymous_0)
FNDA:2,(anonymous_1)
FNDA:1,(anonymous_2)
FNDA:2,(anonymous_3)
FNDA:2,(anonymous_4)
FNDA:2,(anonymous_5)
FNDA:0,(anonymous_6)
FNDA:2,(anonymous_7)
DA:1,8
DA:2,8
DA:4,8
DA:10,1
DA:11,1
DA:13,1
DA:14,1
DA:17,1
DA:18,1
DA:19,1
DA:29,1
DA:34,1
DA:45,8
DA:46,2
DA:47,2
DA:48,1
DA:51,8
DA:57,1
DA:60,2
DA:63,1
DA:69,1
DA:72,8
DA:76,2
DA:77,2
DA:78,2
DA:79,2
DA:80,2
DA:81,2
DA:82,0
DA:85,2
DA:86,2
DA:87,1
DA:90,8
DA:91,2
DA:92,2
DA:93,1
LF:36
LH:35
BRDA:13,0,0,1
BRDA:18,1,0,1
BRDA:47,2,0,1
BRDA:57,3,0,0
BRDA:57,3,1,1
BRDA:59,4,0,1
BRDA:59,4,1,0
BRDA:67,5,0,1
BRDA:67,5,1,0
BRDA:77,6,0,1
BRDA:78,7,0,1
BRDA:79,8,0,1
BRDA:80,9,0,1
BRDA:81,10,0,0
BRDA:86,11,0,1
BRDA:92,12,0,1
BRF:16
BRH:12
end_of_record
TN:
SF:src\services\admin\user.service.ts
FN:5,(anonymous_1)
FN:43,(anonymous_2)
FN:49,(anonymous_3)
FN:72,(anonymous_4)
FNF:4
FNH:4
FNDA:1,(anonymous_1)
FNDA:2,(anonymous_2)
FNDA:2,(anonymous_3)
FNDA:2,(anonymous_4)
DA:1,8
DA:2,8
DA:3,8
DA:5,8
DA:11,1
DA:12,1
DA:14,1
DA:15,1
DA:18,1
DA:19,1
DA:20,1
DA:23,1
DA:32,1
DA:43,8
DA:44,2
DA:45,2
DA:46,1
DA:49,8
DA:53,2
DA:54,2
DA:55,2
DA:56,2
DA:57,2
DA:58,2
DA:59,2
DA:61,2
DA:62,1
DA:65,2
DA:68,2
DA:69,1
DA:72,8
DA:73,2
DA:74,2
DA:75,1
LF:34
LH:34
BRDA:14,0,0,1
BRDA:19,1,0,1
BRDA:45,2,0,1
BRDA:54,3,0,1
BRDA:55,4,0,1
BRDA:56,5,0,1
BRDA:57,6,0,1
BRDA:58,7,0,1
BRDA:59,8,0,1
BRDA:59,9,0,2
BRDA:59,9,1,2
BRDA:61,10,0,1
BRDA:61,11,0,2
BRDA:61,11,1,1
BRDA:68,12,0,1
BRDA:74,13,0,1
BRF:16
BRH:16
end_of_record
TN:
SF:src\utils\helpers.ts
FN:3,(anonymous_1)
FN:5,(anonymous_2)
FN:12,(anonymous_3)
FN:18,(anonymous_4)
FNF:4
FNH:4
FNDA:1,(anonymous_1)
FNDA:6,(anonymous_2)
FNDA:6,(anonymous_3)
FNDA:1,(anonymous_4)
DA:1,9
DA:3,9
DA:5,9
DA:6,6
DA:7,6
DA:8,6
DA:9,6
DA:12,9
DA:13,6
DA:14,5
DA:15,5
DA:18,9
DA:19,1
DA:20,1
LF:14
LH:14
BRDA:6,0,0,6
BRDA:6,0,1,1
BRDA:7,1,0,6
BRDA:7,1,1,1
BRDA:13,2,0,1
BRDA:13,3,0,6
BRDA:13,3,1,6
BRF:7
BRH:7
end_of_record
TN:
SF:src\utils\mailer.ts
FN:4,(anonymous_1)
FN:10,(anonymous_2)
FN:25,(anonymous_3)
FNF:3
FNH:3
FNDA:5,(anonymous_1)
FNDA:3,(anonymous_2)
FNDA:5,(anonymous_3)
DA:1,12
DA:2,12
DA:4,12
DA:5,5
DA:8,12
DA:10,12
DA:11,3
DA:12,2
DA:22,3
DA:25,12
DA:26,5
DA:27,2
DA:28,2
DA:29,1
DA:31,1
DA:32,1
DA:35,3
DA:46,3
LF:18
LH:18
BRDA:5,0,0,5
BRDA:5,0,1,3
BRDA:5,0,2,3
BRDA:5,0,3,3
BRDA:5,0,4,3
BRDA:11,1,0,2
BRDA:26,2,0,2
BRDA:28,3,0,1
BRF:8
BRH:8
end_of_record
